============================================================
Time  2018/04/25 17:23:52 600 
============================================================
[2018/04/25 17:23:52 600] ivw        420  ivw loaded!  
[2018/04/25 17:23:52 600] ivw        408  SYS_MSG_REGCB  msp_status_cb  func(c8099f70) 
[2018/04/25 17:23:52 603] ivw        375  IVW_MSG_SSB  
[2018/04/25 17:23:52 603] ivw        230  ssb:  ivw_threshold=0:-20,sst=wakeup  
[2018/04/25 17:23:52 603] ivw        248  net_type:  standard  
[2018/04/25 17:23:52 604] ivw        408  SYS_MSG_REGCB  MsgProcCallBack  func(c809d880) 
[2018/04/25 17:23:52 622] ivw        134  ivwMessageCallBack  2001  018cb0487bb4af5e9a13a9e01bd12822  nil  nil  
[2018/04/25 17:23:52 622] ivw        383  IVW_MSG_AUW  
[2018/04/25 17:23:52 622] ivw        331  auw:  udata(c809fbc8) 1  
[2018/04/25 17:23:52 805] ivw        383  IVW_MSG_AUW  
[2018/04/25 17:23:52 805] ivw        331  auw:  udata(c8030cf8) 2  
[2018/04/25 17:23:53 006] ivw        383  IVW_MSG_AUW  
[2018/04/25 17:23:53 006] ivw        331  auw:  udata(c803c348) 2  
[2018/04/25 17:23:53 207] ivw        383  IVW_MSG_AUW  
[2018/04/25 17:23:53 207] ivw        331  auw:  udata(c803c2f8) 2  
[2018/04/25 17:23:53 407] ivw        383  IVW_MSG_AUW  
[2018/04/25 17:23:53 408] ivw        331  auw:  udata(c8066998) 2  
[2018/04/25 17:23:53 608] ivw        383  IVW_MSG_AUW  
[2018/04/25 17:23:53 608] ivw        331  auw:  udata(c803d7d8) 4  
[2018/04/25 17:23:53 809] ivw        383  IVW_MSG_AUW  
[2018/04/25 17:23:53 809] ivw        331  auw:  nil  4  
[2018/04/25 17:23:54 010] ivw        383  IVW_MSG_AUW  
[2018/04/25 17:23:54 010] ivw        331  auw:  nil  4  
[2018/04/25 17:23:54 210] ivw        383  IVW_MSG_AUW  
[2018/04/25 17:23:54 210] ivw        331  auw:  nil  4  
[2018/04/25 17:23:54 411] ivw        383  IVW_MSG_AUW  
[2018/04/25 17:23:54 411] ivw        331  auw:  nil  4  
[2018/04/25 17:23:54 612] ivw        383  IVW_MSG_AUW  
[2018/04/25 17:23:54 612] ivw        331  auw:  nil  4  
[2018/04/25 17:23:54 812] ivw        383  IVW_MSG_AUW  
[2018/04/25 17:23:54 812] ivw        331  auw:  nil  4  
[2018/04/25 17:23:55 013] ivw        383  IVW_MSG_AUW  
[2018/04/25 17:23:55 013] ivw        331  auw:  nil  4  
[2018/04/25 17:23:55 213] ivw        383  IVW_MSG_AUW  
[2018/04/25 17:23:55 213] ivw        331  auw:  nil  4  
[2018/04/25 17:23:55 414] ivw        383  IVW_MSG_AUW  
[2018/04/25 17:23:55 414] ivw        331  auw:  nil  4  
[2018/04/25 17:23:55 614] ivw        383  IVW_MSG_AUW  
[2018/04/25 17:23:55 614] ivw        331  auw:  nil  4  
[2018/04/25 17:23:55 815] ivw        383  IVW_MSG_AUW  
[2018/04/25 17:23:55 815] ivw        331  auw:  nil  4  
[2018/04/25 17:23:56 016] ivw        383  IVW_MSG_AUW  
[2018/04/25 17:23:56 016] ivw        331  auw:  nil  4  
[2018/04/25 17:23:56 216] ivw        383  IVW_MSG_AUW  
[2018/04/25 17:23:56 216] ivw        331  auw:  nil  4  
[2018/04/25 17:23:56 417] ivw        383  IVW_MSG_AUW  
[2018/04/25 17:23:56 417] ivw        331  auw:  nil  4  
[2018/04/25 17:23:56 617] ivw        383  IVW_MSG_AUW  
[2018/04/25 17:23:56 617] ivw        331  auw:  nil  4  
[2018/04/25 17:23:56 818] ivw        383  IVW_MSG_AUW  
[2018/04/25 17:23:56 818] ivw        331  auw:  nil  4  
[2018/04/25 17:23:57 019] ivw        383  IVW_MSG_AUW  
[2018/04/25 17:23:57 019] ivw        331  auw:  nil  4  
[2018/04/25 17:23:57 219] ivw        383  IVW_MSG_AUW  
[2018/04/25 17:23:57 219] ivw        331  auw:  nil  4  
[2018/04/25 17:23:57 420] ivw        383  IVW_MSG_AUW  
[2018/04/25 17:23:57 420] ivw        331  auw:  nil  4  
[2018/04/25 17:23:57 621] ivw        383  IVW_MSG_AUW  
[2018/04/25 17:23:57 621] ivw        331  auw:  nil  4  
[2018/04/25 17:23:57 821] ivw        383  IVW_MSG_AUW  
[2018/04/25 17:23:57 821] ivw        331  auw:  nil  4  
[2018/04/25 17:23:58 022] ivw        383  IVW_MSG_AUW  
[2018/04/25 17:23:58 022] ivw        331  auw:  nil  4  
[2018/04/25 17:23:58 222] ivw        383  IVW_MSG_AUW  
[2018/04/25 17:23:58 222] ivw        331  auw:  nil  4  
[2018/04/25 17:23:58 423] ivw        383  IVW_MSG_AUW  
[2018/04/25 17:23:58 423] ivw        331  auw:  nil  4  
[2018/04/25 17:23:58 624] ivw        383  IVW_MSG_AUW  
[2018/04/25 17:23:58 624] ivw        331  auw:  nil  4  
[2018/04/25 17:23:58 824] ivw        383  IVW_MSG_AUW  
[2018/04/25 17:23:58 825] ivw        331  auw:  nil  4  
[2018/04/25 17:23:59 025] ivw        383  IVW_MSG_AUW  
[2018/04/25 17:23:59 025] ivw        331  auw:  nil  4  
[2018/04/25 17:23:59 226] ivw        383  IVW_MSG_AUW  
[2018/04/25 17:23:59 226] ivw        331  auw:  nil  4  
[2018/04/25 17:23:59 426] ivw        383  IVW_MSG_AUW  
[2018/04/25 17:23:59 427] ivw        331  auw:  nil  4  
[2018/04/25 17:23:59 627] ivw        383  IVW_MSG_AUW  
[2018/04/25 17:23:59 627] ivw        331  auw:  nil  4  
[2018/04/25 17:23:59 828] ivw        383  IVW_MSG_AUW  
[2018/04/25 17:23:59 828] ivw        331  auw:  nil  4  
[2018/04/25 17:24:00 028] ivw        383  IVW_MSG_AUW  
[2018/04/25 17:24:00 028] ivw        331  auw:  nil  4  
[2018/04/25 17:24:00 229] ivw        383  IVW_MSG_AUW  
[2018/04/25 17:24:00 229] ivw        331  auw:  nil  4  
[2018/04/25 17:24:00 430] ivw        383  IVW_MSG_AUW  
[2018/04/25 17:24:00 430] ivw        331  auw:  nil  4  
[2018/04/25 17:24:00 630] ivw        383  IVW_MSG_AUW  
[2018/04/25 17:24:00 630] ivw        331  auw:  nil  4  
[2018/04/25 17:24:00 831] ivw        383  IVW_MSG_AUW  
[2018/04/25 17:24:00 831] ivw        331  auw:  nil  4  
[2018/04/25 17:24:01 031] ivw        383  IVW_MSG_AUW  
[2018/04/25 17:24:01 031] ivw        331  auw:  nil  4  
[2018/04/25 17:24:01 232] ivw        383  IVW_MSG_AUW  
[2018/04/25 17:24:01 232] ivw        331  auw:  nil  4  
[2018/04/25 17:24:01 433] ivw        383  IVW_MSG_AUW  
[2018/04/25 17:24:01 433] ivw        331  auw:  nil  4  
[2018/04/25 17:24:01 634] ivw        383  IVW_MSG_AUW  
[2018/04/25 17:24:01 634] ivw        331  auw:  nil  4  
[2018/04/25 17:24:01 834] ivw        383  IVW_MSG_AUW  
[2018/04/25 17:24:01 834] ivw        331  auw:  nil  4  
[2018/04/25 17:24:02 035] ivw        383  IVW_MSG_AUW  
[2018/04/25 17:24:02 035] ivw        331  auw:  nil  4  
[2018/04/25 17:24:02 235] ivw        383  IVW_MSG_AUW  
[2018/04/25 17:24:02 235] ivw        331  auw:  nil  4  
[2018/04/25 17:24:02 436] ivw        383  IVW_MSG_AUW  
[2018/04/25 17:24:02 436] ivw        331  auw:  nil  4  
[2018/04/25 17:24:02 637] ivw        383  IVW_MSG_AUW  
[2018/04/25 17:24:02 637] ivw        331  auw:  nil  4  
[2018/04/25 17:24:02 837] ivw        383  IVW_MSG_AUW  
[2018/04/25 17:24:02 837] ivw        331  auw:  nil  4  
[2018/04/25 17:24:03 038] ivw        383  IVW_MSG_AUW  
[2018/04/25 17:24:03 038] ivw        331  auw:  nil  4  
[2018/04/25 17:24:03 238] ivw        383  IVW_MSG_AUW  
[2018/04/25 17:24:03 239] ivw        331  auw:  nil  4  
[2018/04/25 17:24:03 439] ivw        383  IVW_MSG_AUW  
[2018/04/25 17:24:03 439] ivw        331  auw:  nil  4  
[2018/04/25 17:24:03 640] ivw        383  IVW_MSG_AUW  
[2018/04/25 17:24:03 641] ivw        331  auw:  nil  4  
[2018/04/25 17:24:03 840] ivw        383  IVW_MSG_AUW  
[2018/04/25 17:24:03 840] ivw        331  auw:  nil  4  
[2018/04/25 17:24:04 041] ivw        383  IVW_MSG_AUW  
[2018/04/25 17:24:04 041] ivw        331  auw:  nil  4  
[2018/04/25 17:24:04 241] ivw        383  IVW_MSG_AUW  
[2018/04/25 17:24:04 242] ivw        331  auw:  nil  4  
[2018/04/25 17:24:04 442] ivw        383  IVW_MSG_AUW  
[2018/04/25 17:24:04 442] ivw        331  auw:  nil  4  
[2018/04/25 17:24:04 643] ivw        383  IVW_MSG_AUW  
[2018/04/25 17:24:04 643] ivw        331  auw:  nil  4  
[2018/04/25 17:24:04 843] ivw        383  IVW_MSG_AUW  
[2018/04/25 17:24:04 843] ivw        331  auw:  nil  4  
[2018/04/25 17:24:05 044] ivw        383  IVW_MSG_AUW  
[2018/04/25 17:24:05 044] ivw        331  auw:  nil  4  
[2018/04/25 17:24:05 244] ivw        383  IVW_MSG_AUW  
[2018/04/25 17:24:05 245] ivw        331  auw:  nil  4  
[2018/04/25 17:24:05 445] ivw        383  IVW_MSG_AUW  
[2018/04/25 17:24:05 445] ivw        331  auw:  nil  4  
[2018/04/25 17:24:05 646] ivw        383  IVW_MSG_AUW  
[2018/04/25 17:24:05 646] ivw        331  auw:  nil  4  
[2018/04/25 17:24:05 846] ivw        383  IVW_MSG_AUW  
[2018/04/25 17:24:05 846] ivw        331  auw:  nil  4  
[2018/04/25 17:24:06 047] ivw        383  IVW_MSG_AUW  
[2018/04/25 17:24:06 047] ivw        331  auw:  nil  4  
[2018/04/25 17:24:06 247] ivw        383  IVW_MSG_AUW  
[2018/04/25 17:24:06 248] ivw        331  auw:  nil  4  
[2018/04/25 17:24:06 448] ivw        383  IVW_MSG_AUW  
[2018/04/25 17:24:06 448] ivw        331  auw:  nil  4  
[2018/04/25 17:24:06 649] ivw        383  IVW_MSG_AUW  
[2018/04/25 17:24:06 649] ivw        331  auw:  nil  4  
[2018/04/25 17:24:06 849] ivw        383  IVW_MSG_AUW  
[2018/04/25 17:24:06 849] ivw        331  auw:  nil  4  
[2018/04/25 17:24:07 050] ivw        383  IVW_MSG_AUW  
[2018/04/25 17:24:07 050] ivw        331  auw:  nil  4  
[2018/04/25 17:24:07 250] ivw        383  IVW_MSG_AUW  
[2018/04/25 17:24:07 251] ivw        331  auw:  nil  4  
[2018/04/25 17:24:07 451] ivw        383  IVW_MSG_AUW  
[2018/04/25 17:24:07 451] ivw        331  auw:  nil  4  
[2018/04/25 17:24:07 652] ivw        383  IVW_MSG_AUW  
[2018/04/25 17:24:07 652] ivw        331  auw:  nil  4  
[2018/04/25 17:24:07 852] ivw        383  IVW_MSG_AUW  
[2018/04/25 17:24:07 852] ivw        331  auw:  nil  4  
[2018/04/25 17:24:08 053] ivw        383  IVW_MSG_AUW  
[2018/04/25 17:24:08 053] ivw        331  auw:  nil  4  
[2018/04/25 17:24:08 254] ivw        383  IVW_MSG_AUW  
[2018/04/25 17:24:08 254] ivw        331  auw:  nil  4  
[2018/04/25 17:24:08 454] ivw        383  IVW_MSG_AUW  
[2018/04/25 17:24:08 454] ivw        331  auw:  nil  4  
[2018/04/25 17:24:08 655] ivw        383  IVW_MSG_AUW  
[2018/04/25 17:24:08 655] ivw        331  auw:  nil  4  
[2018/04/25 17:24:08 855] ivw        383  IVW_MSG_AUW  
[2018/04/25 17:24:08 855] ivw        331  auw:  nil  4  
[2018/04/25 17:24:09 056] ivw        383  IVW_MSG_AUW  
[2018/04/25 17:24:09 056] ivw        331  auw:  nil  4  
[2018/04/25 17:24:09 257] ivw        383  IVW_MSG_AUW  
[2018/04/25 17:24:09 257] ivw        331  auw:  nil  4  
[2018/04/25 17:24:09 457] ivw        383  IVW_MSG_AUW  
[2018/04/25 17:24:09 458] ivw        331  auw:  nil  4  
[2018/04/25 17:24:09 658] ivw        383  IVW_MSG_AUW  
[2018/04/25 17:24:09 658] ivw        331  auw:  nil  4  
[2018/04/25 17:24:09 859] ivw        383  IVW_MSG_AUW  
[2018/04/25 17:24:09 859] ivw        331  auw:  nil  4  
[2018/04/25 17:24:10 060] ivw        383  IVW_MSG_AUW  
[2018/04/25 17:24:10 060] ivw        331  auw:  nil  4  
[2018/04/25 17:24:10 260] ivw        383  IVW_MSG_AUW  
[2018/04/25 17:24:10 261] ivw        331  auw:  nil  4  
[2018/04/25 17:24:10 461] ivw        383  IVW_MSG_AUW  
[2018/04/25 17:24:10 461] ivw        331  auw:  nil  4  
[2018/04/25 17:24:10 662] ivw        383  IVW_MSG_AUW  
[2018/04/25 17:24:10 662] ivw        331  auw:  nil  4  
[2018/04/25 17:24:10 862] ivw        383  IVW_MSG_AUW  
[2018/04/25 17:24:10 863] ivw        331  auw:  nil  4  
[2018/04/25 17:24:11 063] ivw        383  IVW_MSG_AUW  
[2018/04/25 17:24:11 063] ivw        331  auw:  nil  4  
[2018/04/25 17:24:11 264] ivw        383  IVW_MSG_AUW  
[2018/04/25 17:24:11 264] ivw        331  auw:  nil  4  
[2018/04/25 17:24:11 464] ivw        383  IVW_MSG_AUW  
[2018/04/25 17:24:11 465] ivw        331  auw:  nil  4  
[2018/04/25 17:24:11 665] ivw        383  IVW_MSG_AUW  
[2018/04/25 17:24:11 665] ivw        331  auw:  nil  4  
[2018/04/25 17:24:11 866] ivw        383  IVW_MSG_AUW  
[2018/04/25 17:24:11 866] ivw        331  auw:  nil  4  
[2018/04/25 17:24:12 066] ivw        383  IVW_MSG_AUW  
[2018/04/25 17:24:12 067] ivw        331  auw:  nil  4  
[2018/04/25 17:24:12 267] ivw        383  IVW_MSG_AUW  
[2018/04/25 17:24:12 267] ivw        331  auw:  nil  4  
[2018/04/25 17:24:12 468] ivw        383  IVW_MSG_AUW  
[2018/04/25 17:24:12 468] ivw        331  auw:  nil  4  
[2018/04/25 17:24:12 668] ivw        383  IVW_MSG_AUW  
[2018/04/25 17:24:12 668] ivw        331  auw:  nil  4  
[2018/04/25 17:24:12 869] ivw        383  IVW_MSG_AUW  
[2018/04/25 17:24:12 869] ivw        331  auw:  nil  4  
[2018/04/25 17:24:13 070] ivw        383  IVW_MSG_AUW  
[2018/04/25 17:24:13 070] ivw        331  auw:  nil  4  
[2018/04/25 17:24:13 270] ivw        383  IVW_MSG_AUW  
[2018/04/25 17:24:13 270] ivw        331  auw:  nil  4  
[2018/04/25 17:24:13 471] ivw        383  IVW_MSG_AUW  
[2018/04/25 17:24:13 471] ivw        331  auw:  nil  4  
[2018/04/25 17:24:13 671] ivw        383  IVW_MSG_AUW  
[2018/04/25 17:24:13 671] ivw        331  auw:  nil  4  
[2018/04/25 17:24:13 872] ivw        383  IVW_MSG_AUW  
[2018/04/25 17:24:13 872] ivw        331  auw:  nil  4  
[2018/04/25 17:24:14 073] ivw        383  IVW_MSG_AUW  
[2018/04/25 17:24:14 073] ivw        331  auw:  nil  4  
[2018/04/25 17:24:14 273] ivw        383  IVW_MSG_AUW  
[2018/04/25 17:24:14 273] ivw        331  auw:  nil  4  
[2018/04/25 17:24:14 474] ivw        383  IVW_MSG_AUW  
[2018/04/25 17:24:14 474] ivw        331  auw:  nil  4  
[2018/04/25 17:24:14 674] ivw        383  IVW_MSG_AUW  
[2018/04/25 17:24:14 674] ivw        331  auw:  nil  4  
[2018/04/25 17:24:14 875] ivw        383  IVW_MSG_AUW  
[2018/04/25 17:24:14 875] ivw        331  auw:  nil  4  
[2018/04/25 17:24:15 076] ivw        383  IVW_MSG_AUW  
[2018/04/25 17:24:15 076] ivw        331  auw:  nil  4  
[2018/04/25 17:24:15 276] ivw        383  IVW_MSG_AUW  
[2018/04/25 17:24:15 276] ivw        331  auw:  nil  4  
[2018/04/25 17:24:15 477] ivw        383  IVW_MSG_AUW  
[2018/04/25 17:24:15 477] ivw        331  auw:  nil  4  
[2018/04/25 17:24:15 678] ivw        383  IVW_MSG_AUW  
[2018/04/25 17:24:15 678] ivw        331  auw:  nil  4  
[2018/04/25 17:24:15 878] ivw        383  IVW_MSG_AUW  
[2018/04/25 17:24:15 878] ivw        331  auw:  nil  4  
[2018/04/25 17:24:16 079] ivw        383  IVW_MSG_AUW  
[2018/04/25 17:24:16 079] ivw        331  auw:  nil  4  
[2018/04/25 17:24:16 280] ivw        383  IVW_MSG_AUW  
[2018/04/25 17:24:16 280] ivw        331  auw:  nil  4  
[2018/04/25 17:24:16 480] ivw        383  IVW_MSG_AUW  
[2018/04/25 17:24:16 480] ivw        331  auw:  nil  4  
[2018/04/25 17:24:16 681] ivw        383  IVW_MSG_AUW  
[2018/04/25 17:24:16 681] ivw        331  auw:  nil  4  
[2018/04/25 17:24:16 882] ivw        383  IVW_MSG_AUW  
[2018/04/25 17:24:16 882] ivw        331  auw:  nil  4  
[2018/04/25 17:24:17 082] ivw        383  IVW_MSG_AUW  
[2018/04/25 17:24:17 083] ivw        331  auw:  nil  4  
[2018/04/25 17:24:17 283] ivw        383  IVW_MSG_AUW  
[2018/04/25 17:24:17 283] ivw        331  auw:  nil  4  
[2018/04/25 17:24:17 484] ivw        383  IVW_MSG_AUW  
[2018/04/25 17:24:17 484] ivw        331  auw:  nil  4  
[2018/04/25 17:24:17 684] ivw        383  IVW_MSG_AUW  
[2018/04/25 17:24:17 684] ivw        331  auw:  nil  4  
[2018/04/25 17:24:17 885] ivw        383  IVW_MSG_AUW  
[2018/04/25 17:24:17 885] ivw        331  auw:  nil  4  
[2018/04/25 17:24:18 086] ivw        383  IVW_MSG_AUW  
[2018/04/25 17:24:18 086] ivw        331  auw:  nil  4  
[2018/04/25 17:24:18 286] ivw        383  IVW_MSG_AUW  
[2018/04/25 17:24:18 286] ivw        331  auw:  nil  4  
[2018/04/25 17:24:18 487] ivw        383  IVW_MSG_AUW  
[2018/04/25 17:24:18 487] ivw        331  auw:  nil  4  
[2018/04/25 17:24:18 688] ivw        383  IVW_MSG_AUW  
[2018/04/25 17:24:18 688] ivw        331  auw:  nil  4  
[2018/04/25 17:24:18 888] ivw        383  IVW_MSG_AUW  
[2018/04/25 17:24:18 889] ivw        331  auw:  nil  4  
[2018/04/25 17:24:19 089] ivw        383  IVW_MSG_AUW  
[2018/04/25 17:24:19 089] ivw        331  auw:  nil  4  
[2018/04/25 17:24:19 290] ivw        383  IVW_MSG_AUW  
[2018/04/25 17:24:19 290] ivw        331  auw:  nil  4  
[2018/04/25 17:24:19 490] ivw        383  IVW_MSG_AUW  
[2018/04/25 17:24:19 491] ivw        331  auw:  nil  4  
[2018/04/25 17:24:19 691] ivw        383  IVW_MSG_AUW  
[2018/04/25 17:24:19 691] ivw        331  auw:  nil  4  
[2018/04/25 17:24:19 892] ivw        383  IVW_MSG_AUW  
[2018/04/25 17:24:19 892] ivw        331  auw:  nil  4  
[2018/04/25 17:24:20 093] ivw        383  IVW_MSG_AUW  
[2018/04/25 17:24:20 093] ivw        331  auw:  nil  4  
[2018/04/25 17:24:20 293] ivw        383  IVW_MSG_AUW  
[2018/04/25 17:24:20 293] ivw        331  auw:  nil  4  
[2018/04/25 17:24:20 494] ivw        383  IVW_MSG_AUW  
[2018/04/25 17:24:20 494] ivw        331  auw:  nil  4  
[2018/04/25 17:24:20 695] ivw        383  IVW_MSG_AUW  
[2018/04/25 17:24:20 695] ivw        331  auw:  nil  4  
[2018/04/25 17:24:20 895] ivw        383  IVW_MSG_AUW  
[2018/04/25 17:24:20 895] ivw        331  auw:  nil  4  
[2018/04/25 17:24:21 096] ivw        383  IVW_MSG_AUW  
[2018/04/25 17:24:21 096] ivw        331  auw:  nil  4  
[2018/04/25 17:24:21 297] ivw        383  IVW_MSG_AUW  
[2018/04/25 17:24:21 297] ivw        331  auw:  nil  4  
[2018/04/25 17:24:21 497] ivw        383  IVW_MSG_AUW  
[2018/04/25 17:24:21 497] ivw        331  auw:  nil  4  
[2018/04/25 17:24:21 698] ivw        383  IVW_MSG_AUW  
[2018/04/25 17:24:21 698] ivw        331  auw:  nil  4  
[2018/04/25 17:24:21 899] ivw        383  IVW_MSG_AUW  
[2018/04/25 17:24:21 899] ivw        331  auw:  nil  4  
[2018/04/25 17:24:22 099] ivw        383  IVW_MSG_AUW  
[2018/04/25 17:24:22 099] ivw        331  auw:  nil  4  
[2018/04/25 17:24:22 300] ivw        383  IVW_MSG_AUW  
[2018/04/25 17:24:22 300] ivw        331  auw:  nil  4  
[2018/04/25 17:24:22 501] ivw        383  IVW_MSG_AUW  
[2018/04/25 17:24:22 501] ivw        331  auw:  nil  4  
[2018/04/25 17:24:22 701] ivw        383  IVW_MSG_AUW  
[2018/04/25 17:24:22 701] ivw        331  auw:  nil  4  
[2018/04/25 17:24:22 902] ivw        383  IVW_MSG_AUW  
[2018/04/25 17:24:22 902] ivw        331  auw:  nil  4  
[2018/04/25 17:24:23 102] ivw        383  IVW_MSG_AUW  
[2018/04/25 17:24:23 102] ivw        331  auw:  nil  4  
[2018/04/25 17:24:23 303] ivw        383  IVW_MSG_AUW  
[2018/04/25 17:24:23 303] ivw        331  auw:  nil  4  
[2018/04/25 17:24:23 504] ivw        383  IVW_MSG_AUW  
[2018/04/25 17:24:23 504] ivw        331  auw:  nil  4  
[2018/04/25 17:24:23 704] ivw        383  IVW_MSG_AUW  
[2018/04/25 17:24:23 705] ivw        331  auw:  nil  4  
[2018/04/25 17:24:23 905] ivw        383  IVW_MSG_AUW  
[2018/04/25 17:24:23 905] ivw        331  auw:  nil  4  
[2018/04/25 17:24:24 106] ivw        383  IVW_MSG_AUW  
[2018/04/25 17:24:24 106] ivw        331  auw:  nil  4  
[2018/04/25 17:24:24 306] ivw        383  IVW_MSG_AUW  
[2018/04/25 17:24:24 306] ivw        331  auw:  nil  4  
[2018/04/25 17:24:24 507] ivw        383  IVW_MSG_AUW  
[2018/04/25 17:24:24 507] ivw        331  auw:  nil  4  
[2018/04/25 17:24:24 708] ivw        383  IVW_MSG_AUW  
[2018/04/25 17:24:24 708] ivw        331  auw:  nil  4  
[2018/04/25 17:24:24 908] ivw        383  IVW_MSG_AUW  
[2018/04/25 17:24:24 908] ivw        331  auw:  nil  4  
[2018/04/25 17:24:25 109] ivw        383  IVW_MSG_AUW  
[2018/04/25 17:24:25 109] ivw        331  auw:  nil  4  
[2018/04/25 17:24:25 310] ivw        383  IVW_MSG_AUW  
[2018/04/25 17:24:25 310] ivw        331  auw:  nil  4  
[2018/04/25 17:24:25 510] ivw        383  IVW_MSG_AUW  
[2018/04/25 17:24:25 510] ivw        331  auw:  nil  4  
[2018/04/25 17:24:25 711] ivw        383  IVW_MSG_AUW  
[2018/04/25 17:24:25 711] ivw        331  auw:  nil  4  
[2018/04/25 17:24:25 912] ivw        383  IVW_MSG_AUW  
[2018/04/25 17:24:25 912] ivw        331  auw:  nil  4  
[2018/04/25 17:24:26 112] ivw        383  IVW_MSG_AUW  
[2018/04/25 17:24:26 112] ivw        331  auw:  nil  4  
[2018/04/25 17:24:26 313] ivw        383  IVW_MSG_AUW  
[2018/04/25 17:24:26 313] ivw        331  auw:  nil  4  
[2018/04/25 17:24:26 514] ivw        383  IVW_MSG_AUW  
[2018/04/25 17:24:26 514] ivw        331  auw:  nil  4  
[2018/04/25 17:24:26 714] ivw        383  IVW_MSG_AUW  
[2018/04/25 17:24:26 714] ivw        331  auw:  nil  4  
[2018/04/25 17:24:26 915] ivw        383  IVW_MSG_AUW  
[2018/04/25 17:24:26 915] ivw        331  auw:  nil  4  
[2018/04/25 17:24:27 115] ivw        383  IVW_MSG_AUW  
[2018/04/25 17:24:27 116] ivw        331  auw:  nil  4  
[2018/04/25 17:24:27 316] ivw        383  IVW_MSG_AUW  
[2018/04/25 17:24:27 316] ivw        331  auw:  nil  4  
[2018/04/25 17:24:27 517] ivw        383  IVW_MSG_AUW  
[2018/04/25 17:24:27 517] ivw        331  auw:  nil  4  
[2018/04/25 17:24:27 717] ivw        383  IVW_MSG_AUW  
[2018/04/25 17:24:27 718] ivw        331  auw:  nil  4  
[2018/04/25 17:24:27 918] ivw        383  IVW_MSG_AUW  
[2018/04/25 17:24:27 918] ivw        331  auw:  nil  4  
[2018/04/25 17:24:28 119] ivw        383  IVW_MSG_AUW  
[2018/04/25 17:24:28 119] ivw        331  auw:  nil  4  
[2018/04/25 17:24:28 319] ivw        383  IVW_MSG_AUW  
[2018/04/25 17:24:28 320] ivw        331  auw:  nil  4  
[2018/04/25 17:24:28 520] ivw        383  IVW_MSG_AUW  
[2018/04/25 17:24:28 520] ivw        331  auw:  nil  4  
[2018/04/25 17:24:28 721] ivw        383  IVW_MSG_AUW  
[2018/04/25 17:24:28 721] ivw        331  auw:  nil  4  
[2018/04/25 17:24:28 921] ivw        383  IVW_MSG_AUW  
[2018/04/25 17:24:28 921] ivw        331  auw:  nil  4  
[2018/04/25 17:24:29 122] ivw        383  IVW_MSG_AUW  
[2018/04/25 17:24:29 122] ivw        331  auw:  nil  4  
[2018/04/25 17:24:29 322] ivw        383  IVW_MSG_AUW  
[2018/04/25 17:24:29 323] ivw        331  auw:  nil  4  
[2018/04/25 17:24:29 523] ivw        383  IVW_MSG_AUW  
[2018/04/25 17:24:29 523] ivw        331  auw:  nil  4  
[2018/04/25 17:24:29 724] ivw        383  IVW_MSG_AUW  
[2018/04/25 17:24:29 724] ivw        331  auw:  nil  4  
[2018/04/25 17:24:29 924] ivw        383  IVW_MSG_AUW  
[2018/04/25 17:24:29 924] ivw        331  auw:  nil  4  
[2018/04/25 17:24:30 125] ivw        383  IVW_MSG_AUW  
[2018/04/25 17:24:30 125] ivw        331  auw:  nil  4  
[2018/04/25 17:24:30 326] ivw        383  IVW_MSG_AUW  
[2018/04/25 17:24:30 326] ivw        331  auw:  nil  4  
[2018/04/25 17:24:30 526] ivw        383  IVW_MSG_AUW  
[2018/04/25 17:24:30 526] ivw        331  auw:  nil  4  
[2018/04/25 17:24:30 727] ivw        383  IVW_MSG_AUW  
[2018/04/25 17:24:30 727] ivw        331  auw:  nil  4  
[2018/04/25 17:24:30 928] ivw        383  IVW_MSG_AUW  
[2018/04/25 17:24:30 928] ivw        331  auw:  nil  4  
