============================================================
Time  2018/04/25 17:13:56 264 
============================================================
[2018/04/25 17:13:56 265] ivw        420  ivw loaded!  
[2018/04/25 17:13:56 265] ivw        408  SYS_MSG_REGCB  msp_status_cb  func(fc0220b0) 
[2018/04/25 17:13:56 265] ivw        375  IVW_MSG_SSB  
[2018/04/25 17:13:56 265] ivw        230  ssb:  ivw_threshold=0:-20,sst=wakeup  
[2018/04/25 17:13:56 265] ivw        248  net_type:  standard  
[2018/04/25 17:13:56 266] ivw        408  SYS_MSG_REGCB  MsgProcCallBack  func(fc025040) 
[2018/04/25 17:13:56 267] ivw        383  IVW_MSG_AUW  
[2018/04/25 17:13:56 267] ivw        331  auw:  udata(fc024a88) 1  
[2018/04/25 17:13:56 311] ivw        134  ivwMessageCallBack  2001  018cb0487bb4af5e9a13a9e01bd12822  nil  nil  
[2018/04/25 17:13:56 467] ivw        383  IVW_MSG_AUW  
[2018/04/25 17:13:56 468] ivw        331  auw:  udata(fc024df8) 2  
[2018/04/25 17:13:56 668] ivw        383  IVW_MSG_AUW  
[2018/04/25 17:13:56 668] ivw        331  auw:  udata(fc024ff8) 2  
[2018/04/25 17:13:56 869] ivw        383  IVW_MSG_AUW  
[2018/04/25 17:13:56 869] ivw        331  auw:  udata(fc024e48) 2  
[2018/04/25 17:13:57 069] ivw        383  IVW_MSG_AUW  
[2018/04/25 17:13:57 070] ivw        331  auw:  udata(fc024e98) 2  
[2018/04/25 17:13:57 270] ivw        383  IVW_MSG_AUW  
[2018/04/25 17:13:57 270] ivw        331  auw:  udata(fc024ee8) 4  
[2018/04/25 17:13:57 471] ivw        383  IVW_MSG_AUW  
[2018/04/25 17:13:57 471] ivw        331  auw:  nil  4  
[2018/04/25 17:13:57 671] ivw        383  IVW_MSG_AUW  
[2018/04/25 17:13:57 672] ivw        331  auw:  nil  4  
[2018/04/25 17:13:57 872] ivw        383  IVW_MSG_AUW  
[2018/04/25 17:13:57 872] ivw        331  auw:  nil  4  
[2018/04/25 17:13:58 073] ivw        383  IVW_MSG_AUW  
[2018/04/25 17:13:58 073] ivw        331  auw:  nil  4  
[2018/04/25 17:13:58 273] ivw        383  IVW_MSG_AUW  
[2018/04/25 17:13:58 273] ivw        331  auw:  nil  4  
[2018/04/25 17:13:58 474] ivw        383  IVW_MSG_AUW  
[2018/04/25 17:13:58 474] ivw        331  auw:  nil  4  
[2018/04/25 17:13:58 674] ivw        383  IVW_MSG_AUW  
[2018/04/25 17:13:58 675] ivw        331  auw:  nil  4  
[2018/04/25 17:13:58 875] ivw        383  IVW_MSG_AUW  
[2018/04/25 17:13:58 875] ivw        331  auw:  nil  4  
[2018/04/25 17:13:59 075] ivw        383  IVW_MSG_AUW  
[2018/04/25 17:13:59 075] ivw        331  auw:  nil  4  
[2018/04/25 17:13:59 276] ivw        383  IVW_MSG_AUW  
[2018/04/25 17:13:59 276] ivw        331  auw:  nil  4  
[2018/04/25 17:13:59 477] ivw        383  IVW_MSG_AUW  
[2018/04/25 17:13:59 477] ivw        331  auw:  nil  4  
[2018/04/25 17:13:59 677] ivw        383  IVW_MSG_AUW  
[2018/04/25 17:13:59 677] ivw        331  auw:  nil  4  
[2018/04/25 17:13:59 878] ivw        383  IVW_MSG_AUW  
[2018/04/25 17:13:59 878] ivw        331  auw:  nil  4  
[2018/04/25 17:14:00 079] ivw        383  IVW_MSG_AUW  
[2018/04/25 17:14:00 079] ivw        331  auw:  nil  4  
[2018/04/25 17:14:00 279] ivw        383  IVW_MSG_AUW  
[2018/04/25 17:14:00 279] ivw        331  auw:  nil  4  
[2018/04/25 17:14:00 480] ivw        383  IVW_MSG_AUW  
[2018/04/25 17:14:00 480] ivw        331  auw:  nil  4  
[2018/04/25 17:14:00 680] ivw        383  IVW_MSG_AUW  
[2018/04/25 17:14:00 680] ivw        331  auw:  nil  4  
[2018/04/25 17:14:00 881] ivw        383  IVW_MSG_AUW  
[2018/04/25 17:14:00 881] ivw        331  auw:  nil  4  
[2018/04/25 17:14:01 081] ivw        383  IVW_MSG_AUW  
[2018/04/25 17:14:01 082] ivw        331  auw:  nil  4  
[2018/04/25 17:14:01 282] ivw        383  IVW_MSG_AUW  
[2018/04/25 17:14:01 282] ivw        331  auw:  nil  4  
[2018/04/25 17:14:01 483] ivw        383  IVW_MSG_AUW  
[2018/04/25 17:14:01 483] ivw        331  auw:  nil  4  
[2018/04/25 17:14:01 683] ivw        383  IVW_MSG_AUW  
[2018/04/25 17:14:01 683] ivw        331  auw:  nil  4  
[2018/04/25 17:14:01 884] ivw        383  IVW_MSG_AUW  
[2018/04/25 17:14:01 884] ivw        331  auw:  nil  4  
[2018/04/25 17:14:02 085] ivw        383  IVW_MSG_AUW  
[2018/04/25 17:14:02 085] ivw        331  auw:  nil  4  
[2018/04/25 17:14:02 285] ivw        383  IVW_MSG_AUW  
[2018/04/25 17:14:02 285] ivw        331  auw:  nil  4  
[2018/04/25 17:14:02 486] ivw        383  IVW_MSG_AUW  
[2018/04/25 17:14:02 486] ivw        331  auw:  nil  4  
[2018/04/25 17:14:02 686] ivw        383  IVW_MSG_AUW  
[2018/04/25 17:14:02 687] ivw        331  auw:  nil  4  
[2018/04/25 17:14:02 887] ivw        383  IVW_MSG_AUW  
[2018/04/25 17:14:02 887] ivw        331  auw:  nil  4  
[2018/04/25 17:14:03 088] ivw        383  IVW_MSG_AUW  
[2018/04/25 17:14:03 088] ivw        331  auw:  nil  4  
[2018/04/25 17:14:03 288] ivw        383  IVW_MSG_AUW  
[2018/04/25 17:14:03 289] ivw        331  auw:  nil  4  
[2018/04/25 17:14:03 489] ivw        383  IVW_MSG_AUW  
[2018/04/25 17:14:03 489] ivw        331  auw:  nil  4  
[2018/04/25 17:14:03 690] ivw        383  IVW_MSG_AUW  
[2018/04/25 17:14:03 690] ivw        331  auw:  nil  4  
[2018/04/25 17:14:03 890] ivw        383  IVW_MSG_AUW  
[2018/04/25 17:14:03 891] ivw        331  auw:  nil  4  
[2018/04/25 17:14:04 091] ivw        383  IVW_MSG_AUW  
[2018/04/25 17:14:04 091] ivw        331  auw:  nil  4  
[2018/04/25 17:14:04 292] ivw        383  IVW_MSG_AUW  
[2018/04/25 17:14:04 292] ivw        331  auw:  nil  4  
[2018/04/25 17:14:04 493] ivw        383  IVW_MSG_AUW  
[2018/04/25 17:14:04 493] ivw        331  auw:  nil  4  
[2018/04/25 17:14:04 693] ivw        383  IVW_MSG_AUW  
[2018/04/25 17:14:04 694] ivw        331  auw:  nil  4  
[2018/04/25 17:14:04 894] ivw        383  IVW_MSG_AUW  
[2018/04/25 17:14:04 894] ivw        331  auw:  nil  4  
[2018/04/25 17:14:05 095] ivw        383  IVW_MSG_AUW  
[2018/04/25 17:14:05 095] ivw        331  auw:  nil  4  
[2018/04/25 17:14:05 295] ivw        383  IVW_MSG_AUW  
[2018/04/25 17:14:05 296] ivw        331  auw:  nil  4  
[2018/04/25 17:14:05 496] ivw        383  IVW_MSG_AUW  
[2018/04/25 17:14:05 496] ivw        331  auw:  nil  4  
[2018/04/25 17:14:05 697] ivw        383  IVW_MSG_AUW  
[2018/04/25 17:14:05 697] ivw        331  auw:  nil  4  
[2018/04/25 17:14:05 897] ivw        383  IVW_MSG_AUW  
[2018/04/25 17:14:05 897] ivw        331  auw:  nil  4  
[2018/04/25 17:14:06 098] ivw        383  IVW_MSG_AUW  
[2018/04/25 17:14:06 098] ivw        331  auw:  nil  4  
[2018/04/25 17:14:06 298] ivw        383  IVW_MSG_AUW  
[2018/04/25 17:14:06 299] ivw        331  auw:  nil  4  
[2018/04/25 17:14:06 499] ivw        383  IVW_MSG_AUW  
[2018/04/25 17:14:06 499] ivw        331  auw:  nil  4  
[2018/04/25 17:14:06 700] ivw        383  IVW_MSG_AUW  
[2018/04/25 17:14:06 700] ivw        331  auw:  nil  4  
[2018/04/25 17:14:06 900] ivw        383  IVW_MSG_AUW  
[2018/04/25 17:14:06 900] ivw        331  auw:  nil  4  
[2018/04/25 17:14:07 101] ivw        383  IVW_MSG_AUW  
[2018/04/25 17:14:07 101] ivw        331  auw:  nil  4  
[2018/04/25 17:14:07 301] ivw        383  IVW_MSG_AUW  
[2018/04/25 17:14:07 302] ivw        331  auw:  nil  4  
[2018/04/25 17:14:07 502] ivw        383  IVW_MSG_AUW  
[2018/04/25 17:14:07 502] ivw        331  auw:  nil  4  
[2018/04/25 17:14:07 703] ivw        383  IVW_MSG_AUW  
[2018/04/25 17:14:07 703] ivw        331  auw:  nil  4  
[2018/04/25 17:14:07 903] ivw        383  IVW_MSG_AUW  
[2018/04/25 17:14:07 904] ivw        331  auw:  nil  4  
[2018/04/25 17:14:08 104] ivw        383  IVW_MSG_AUW  
[2018/04/25 17:14:08 104] ivw        331  auw:  nil  4  
[2018/04/25 17:14:08 305] ivw        383  IVW_MSG_AUW  
[2018/04/25 17:14:08 305] ivw        331  auw:  nil  4  
[2018/04/25 17:14:08 506] ivw        383  IVW_MSG_AUW  
[2018/04/25 17:14:08 506] ivw        331  auw:  nil  4  
[2018/04/25 17:14:08 706] ivw        383  IVW_MSG_AUW  
[2018/04/25 17:14:08 706] ivw        331  auw:  nil  4  
[2018/04/25 17:14:08 907] ivw        383  IVW_MSG_AUW  
[2018/04/25 17:14:08 907] ivw        331  auw:  nil  4  
[2018/04/25 17:14:09 108] ivw        383  IVW_MSG_AUW  
[2018/04/25 17:14:09 108] ivw        331  auw:  nil  4  
[2018/04/25 17:14:09 308] ivw        383  IVW_MSG_AUW  
[2018/04/25 17:14:09 309] ivw        331  auw:  nil  4  
[2018/04/25 17:14:09 509] ivw        383  IVW_MSG_AUW  
[2018/04/25 17:14:09 509] ivw        331  auw:  nil  4  
[2018/04/25 17:14:09 710] ivw        383  IVW_MSG_AUW  
[2018/04/25 17:14:09 710] ivw        331  auw:  nil  4  
[2018/04/25 17:14:09 912] ivw        383  IVW_MSG_AUW  
[2018/04/25 17:14:09 912] ivw        331  auw:  nil  4  
[2018/04/25 17:14:10 111] ivw        383  IVW_MSG_AUW  
[2018/04/25 17:14:10 111] ivw        331  auw:  nil  4  
[2018/04/25 17:14:10 312] ivw        383  IVW_MSG_AUW  
[2018/04/25 17:14:10 312] ivw        331  auw:  nil  4  
[2018/04/25 17:14:10 513] ivw        383  IVW_MSG_AUW  
[2018/04/25 17:14:10 513] ivw        331  auw:  nil  4  
[2018/04/25 17:14:10 713] ivw        383  IVW_MSG_AUW  
[2018/04/25 17:14:10 713] ivw        331  auw:  nil  4  
[2018/04/25 17:14:10 914] ivw        383  IVW_MSG_AUW  
[2018/04/25 17:14:10 914] ivw        331  auw:  nil  4  
[2018/04/25 17:14:11 115] ivw        383  IVW_MSG_AUW  
[2018/04/25 17:14:11 115] ivw        331  auw:  nil  4  
[2018/04/25 17:14:11 315] ivw        383  IVW_MSG_AUW  
[2018/04/25 17:14:11 315] ivw        331  auw:  nil  4  
