============================================================
Time  2018/04/25 09:03:46 768 
============================================================
[2018/04/25 09:03:46 768] ivw        420  ivw loaded!  
[2018/04/25 09:03:46 769] ivw        408  SYS_MSG_REGCB  msp_status_cb  func(48099f70) 
[2018/04/25 09:03:46 773] ivw        375  IVW_MSG_SSB  
[2018/04/25 09:03:46 773] ivw        230  ssb:  ivw_threshold=0:-20,sst=wakeup  
[2018/04/25 09:03:46 773] ivw        248  net_type:  standard  
[2018/04/25 09:03:46 791] ivw        408  SYS_MSG_REGCB  MsgProcCallBack  func(4809fdb0) 
[2018/04/25 09:03:46 791] ivw        134  ivwMessageCallBack  2001  018cb0487bb4af5e9a13a9e01bd12822  nil  nil  
[2018/04/25 09:03:46 791] ivw        383  IVW_MSG_AUW  
[2018/04/25 09:03:46 791] ivw        331  auw:  udata(4809fe98) 1  
[2018/04/25 09:03:46 976] ivw        383  IVW_MSG_AUW  
[2018/04/25 09:03:46 976] ivw        331  auw:  udata(480cae88) 2  
[2018/04/25 09:03:47 177] ivw        383  IVW_MSG_AUW  
[2018/04/25 09:03:47 177] ivw        331  auw:  udata(480c5e78) 2  
[2018/04/25 09:03:47 378] ivw        383  IVW_MSG_AUW  
[2018/04/25 09:03:47 378] ivw        331  auw:  udata(480a08b8) 2  
[2018/04/25 09:03:47 578] ivw        383  IVW_MSG_AUW  
[2018/04/25 09:03:47 578] ivw        331  auw:  udata(4809cfc8) 2  
[2018/04/25 09:03:47 779] ivw        383  IVW_MSG_AUW  
[2018/04/25 09:03:47 779] ivw        331  auw:  udata(480c6838) 4  
[2018/04/25 09:03:47 980] ivw        383  IVW_MSG_AUW  
[2018/04/25 09:03:47 980] ivw        331  auw:  nil  4  
[2018/04/25 09:03:48 180] ivw        383  IVW_MSG_AUW  
[2018/04/25 09:03:48 180] ivw        331  auw:  nil  4  
[2018/04/25 09:03:48 381] ivw        383  IVW_MSG_AUW  
[2018/04/25 09:03:48 381] ivw        331  auw:  nil  4  
[2018/04/25 09:03:48 582] ivw        383  IVW_MSG_AUW  
[2018/04/25 09:03:48 582] ivw        331  auw:  nil  4  
[2018/04/25 09:03:48 783] ivw        383  IVW_MSG_AUW  
[2018/04/25 09:03:48 783] ivw        331  auw:  nil  4  
[2018/04/25 09:03:48 984] ivw        383  IVW_MSG_AUW  
[2018/04/25 09:03:48 984] ivw        331  auw:  nil  4  
[2018/04/25 09:03:49 184] ivw        383  IVW_MSG_AUW  
[2018/04/25 09:03:49 184] ivw        331  auw:  nil  4  
[2018/04/25 09:03:49 385] ivw        383  IVW_MSG_AUW  
[2018/04/25 09:03:49 385] ivw        331  auw:  nil  4  
[2018/04/25 09:03:49 585] ivw        383  IVW_MSG_AUW  
[2018/04/25 09:03:49 585] ivw        331  auw:  nil  4  
[2018/04/25 09:03:49 786] ivw        383  IVW_MSG_AUW  
[2018/04/25 09:03:49 786] ivw        331  auw:  nil  4  
[2018/04/25 09:03:49 986] ivw        383  IVW_MSG_AUW  
[2018/04/25 09:03:49 987] ivw        331  auw:  nil  4  
[2018/04/25 09:03:50 187] ivw        383  IVW_MSG_AUW  
[2018/04/25 09:03:50 187] ivw        331  auw:  nil  4  
[2018/04/25 09:03:50 388] ivw        383  IVW_MSG_AUW  
[2018/04/25 09:03:50 389] ivw        331  auw:  nil  4  
[2018/04/25 09:03:50 590] ivw        383  IVW_MSG_AUW  
[2018/04/25 09:03:50 590] ivw        331  auw:  nil  4  
[2018/04/25 09:03:50 791] ivw        383  IVW_MSG_AUW  
[2018/04/25 09:03:50 791] ivw        331  auw:  nil  4  
[2018/04/25 09:03:50 992] ivw        383  IVW_MSG_AUW  
[2018/04/25 09:03:50 992] ivw        331  auw:  nil  4  
[2018/04/25 09:03:51 193] ivw        383  IVW_MSG_AUW  
[2018/04/25 09:03:51 193] ivw        331  auw:  nil  4  
[2018/04/25 09:03:51 395] ivw        383  IVW_MSG_AUW  
[2018/04/25 09:03:51 395] ivw        331  auw:  nil  4  
[2018/04/25 09:03:51 596] ivw        383  IVW_MSG_AUW  
[2018/04/25 09:03:51 596] ivw        331  auw:  nil  4  
[2018/04/25 09:03:51 797] ivw        383  IVW_MSG_AUW  
[2018/04/25 09:03:51 797] ivw        331  auw:  nil  4  
[2018/04/25 09:03:51 998] ivw        383  IVW_MSG_AUW  
[2018/04/25 09:03:51 999] ivw        331  auw:  nil  4  
[2018/04/25 09:03:52 200] ivw        383  IVW_MSG_AUW  
[2018/04/25 09:03:52 200] ivw        331  auw:  nil  4  
[2018/04/25 09:03:52 400] ivw        383  IVW_MSG_AUW  
[2018/04/25 09:03:52 400] ivw        331  auw:  nil  4  
[2018/04/25 09:03:52 601] ivw        383  IVW_MSG_AUW  
[2018/04/25 09:03:52 601] ivw        331  auw:  nil  4  
[2018/04/25 09:03:52 802] ivw        383  IVW_MSG_AUW  
[2018/04/25 09:03:52 802] ivw        331  auw:  nil  4  
[2018/04/25 09:03:53 003] ivw        383  IVW_MSG_AUW  
[2018/04/25 09:03:53 003] ivw        331  auw:  nil  4  
[2018/04/25 09:03:53 204] ivw        383  IVW_MSG_AUW  
[2018/04/25 09:03:53 204] ivw        331  auw:  nil  4  
[2018/04/25 09:03:53 405] ivw        383  IVW_MSG_AUW  
[2018/04/25 09:03:53 405] ivw        331  auw:  nil  4  
[2018/04/25 09:03:53 606] ivw        383  IVW_MSG_AUW  
[2018/04/25 09:03:53 606] ivw        331  auw:  nil  4  
[2018/04/25 09:03:53 806] ivw        383  IVW_MSG_AUW  
[2018/04/25 09:03:53 806] ivw        331  auw:  nil  4  
[2018/04/25 09:03:54 007] ivw        383  IVW_MSG_AUW  
[2018/04/25 09:03:54 007] ivw        331  auw:  nil  4  
[2018/04/25 09:03:54 208] ivw        383  IVW_MSG_AUW  
[2018/04/25 09:03:54 208] ivw        331  auw:  nil  4  
[2018/04/25 09:03:54 409] ivw        383  IVW_MSG_AUW  
[2018/04/25 09:03:54 409] ivw        331  auw:  nil  4  
[2018/04/25 09:03:54 611] ivw        383  IVW_MSG_AUW  
[2018/04/25 09:03:54 611] ivw        331  auw:  nil  4  
[2018/04/25 09:03:54 812] ivw        383  IVW_MSG_AUW  
[2018/04/25 09:03:54 812] ivw        331  auw:  nil  4  
[2018/04/25 09:03:55 013] ivw        383  IVW_MSG_AUW  
[2018/04/25 09:03:55 013] ivw        331  auw:  nil  4  
[2018/04/25 09:03:55 214] ivw        383  IVW_MSG_AUW  
[2018/04/25 09:03:55 214] ivw        331  auw:  nil  4  
[2018/04/25 09:03:55 415] ivw        383  IVW_MSG_AUW  
[2018/04/25 09:03:55 415] ivw        331  auw:  nil  4  
[2018/04/25 09:03:55 616] ivw        383  IVW_MSG_AUW  
[2018/04/25 09:03:55 616] ivw        331  auw:  nil  4  
[2018/04/25 09:03:55 817] ivw        383  IVW_MSG_AUW  
[2018/04/25 09:03:55 817] ivw        331  auw:  nil  4  
[2018/04/25 09:03:56 018] ivw        383  IVW_MSG_AUW  
[2018/04/25 09:03:56 019] ivw        331  auw:  nil  4  
[2018/04/25 09:03:56 220] ivw        383  IVW_MSG_AUW  
[2018/04/25 09:03:56 220] ivw        331  auw:  nil  4  
[2018/04/25 09:03:56 420] ivw        383  IVW_MSG_AUW  
[2018/04/25 09:03:56 421] ivw        331  auw:  nil  4  
[2018/04/25 09:03:56 621] ivw        383  IVW_MSG_AUW  
[2018/04/25 09:03:56 621] ivw        331  auw:  nil  4  
[2018/04/25 09:03:56 822] ivw        383  IVW_MSG_AUW  
[2018/04/25 09:03:56 822] ivw        331  auw:  nil  4  
[2018/04/25 09:03:57 024] ivw        383  IVW_MSG_AUW  
[2018/04/25 09:03:57 024] ivw        331  auw:  nil  4  
[2018/04/25 09:03:57 224] ivw        383  IVW_MSG_AUW  
[2018/04/25 09:03:57 224] ivw        331  auw:  nil  4  
[2018/04/25 09:03:57 425] ivw        383  IVW_MSG_AUW  
[2018/04/25 09:03:57 425] ivw        331  auw:  nil  4  
[2018/04/25 09:03:57 626] ivw        383  IVW_MSG_AUW  
[2018/04/25 09:03:57 626] ivw        331  auw:  nil  4  
[2018/04/25 09:03:57 827] ivw        383  IVW_MSG_AUW  
[2018/04/25 09:03:57 827] ivw        331  auw:  nil  4  
[2018/04/25 09:03:58 028] ivw        383  IVW_MSG_AUW  
[2018/04/25 09:03:58 028] ivw        331  auw:  nil  4  
[2018/04/25 09:03:58 229] ivw        383  IVW_MSG_AUW  
[2018/04/25 09:03:58 229] ivw        331  auw:  nil  4  
[2018/04/25 09:03:58 429] ivw        383  IVW_MSG_AUW  
[2018/04/25 09:03:58 429] ivw        331  auw:  nil  4  
[2018/04/25 09:03:58 629] ivw        383  IVW_MSG_AUW  
[2018/04/25 09:03:58 629] ivw        331  auw:  nil  4  
[2018/04/25 09:03:58 830] ivw        383  IVW_MSG_AUW  
[2018/04/25 09:03:58 830] ivw        331  auw:  nil  4  
[2018/04/25 09:03:59 031] ivw        383  IVW_MSG_AUW  
[2018/04/25 09:03:59 031] ivw        331  auw:  nil  4  
[2018/04/25 09:03:59 232] ivw        383  IVW_MSG_AUW  
[2018/04/25 09:03:59 232] ivw        331  auw:  nil  4  
[2018/04/25 09:03:59 433] ivw        383  IVW_MSG_AUW  
[2018/04/25 09:03:59 433] ivw        331  auw:  nil  4  
[2018/04/25 09:03:59 634] ivw        383  IVW_MSG_AUW  
[2018/04/25 09:03:59 634] ivw        331  auw:  nil  4  
[2018/04/25 09:03:59 834] ivw        383  IVW_MSG_AUW  
[2018/04/25 09:03:59 835] ivw        331  auw:  nil  4  
[2018/04/25 09:04:00 035] ivw        383  IVW_MSG_AUW  
[2018/04/25 09:04:00 035] ivw        331  auw:  nil  4  
[2018/04/25 09:04:00 236] ivw        383  IVW_MSG_AUW  
[2018/04/25 09:04:00 236] ivw        331  auw:  nil  4  
[2018/04/25 09:04:00 437] ivw        383  IVW_MSG_AUW  
[2018/04/25 09:04:00 437] ivw        331  auw:  nil  4  
[2018/04/25 09:04:00 638] ivw        383  IVW_MSG_AUW  
[2018/04/25 09:04:00 638] ivw        331  auw:  nil  4  
[2018/04/25 09:04:00 838] ivw        383  IVW_MSG_AUW  
[2018/04/25 09:04:00 838] ivw        331  auw:  nil  4  
[2018/04/25 09:04:01 039] ivw        383  IVW_MSG_AUW  
[2018/04/25 09:04:01 039] ivw        331  auw:  nil  4  
[2018/04/25 09:04:01 240] ivw        383  IVW_MSG_AUW  
[2018/04/25 09:04:01 240] ivw        331  auw:  nil  4  
[2018/04/25 09:04:01 441] ivw        383  IVW_MSG_AUW  
[2018/04/25 09:04:01 441] ivw        331  auw:  nil  4  
[2018/04/25 09:04:01 642] ivw        383  IVW_MSG_AUW  
[2018/04/25 09:04:01 642] ivw        331  auw:  nil  4  
[2018/04/25 09:04:01 843] ivw        383  IVW_MSG_AUW  
[2018/04/25 09:04:01 843] ivw        331  auw:  nil  4  
[2018/04/25 09:04:02 044] ivw        383  IVW_MSG_AUW  
[2018/04/25 09:04:02 044] ivw        331  auw:  nil  4  
[2018/04/25 09:04:02 245] ivw        383  IVW_MSG_AUW  
[2018/04/25 09:04:02 245] ivw        331  auw:  nil  4  
[2018/04/25 09:04:02 445] ivw        383  IVW_MSG_AUW  
[2018/04/25 09:04:02 445] ivw        331  auw:  nil  4  
[2018/04/25 09:04:02 646] ivw        383  IVW_MSG_AUW  
[2018/04/25 09:04:02 646] ivw        331  auw:  nil  4  
[2018/04/25 09:04:02 847] ivw        383  IVW_MSG_AUW  
[2018/04/25 09:04:02 847] ivw        331  auw:  nil  4  
[2018/04/25 09:04:03 047] ivw        383  IVW_MSG_AUW  
[2018/04/25 09:04:03 048] ivw        331  auw:  nil  4  
[2018/04/25 09:04:03 249] ivw        383  IVW_MSG_AUW  
[2018/04/25 09:04:03 249] ivw        331  auw:  nil  4  
[2018/04/25 09:04:03 450] ivw        383  IVW_MSG_AUW  
[2018/04/25 09:04:03 450] ivw        331  auw:  nil  4  
[2018/04/25 09:04:03 651] ivw        383  IVW_MSG_AUW  
[2018/04/25 09:04:03 651] ivw        331  auw:  nil  4  
[2018/04/25 09:04:03 851] ivw        383  IVW_MSG_AUW  
[2018/04/25 09:04:03 852] ivw        331  auw:  nil  4  
[2018/04/25 09:04:04 053] ivw        383  IVW_MSG_AUW  
[2018/04/25 09:04:04 053] ivw        331  auw:  nil  4  
[2018/04/25 09:04:04 254] ivw        383  IVW_MSG_AUW  
[2018/04/25 09:04:04 254] ivw        331  auw:  nil  4  
[2018/04/25 09:04:04 454] ivw        383  IVW_MSG_AUW  
[2018/04/25 09:04:04 454] ivw        331  auw:  nil  4  
[2018/04/25 09:04:04 655] ivw        383  IVW_MSG_AUW  
[2018/04/25 09:04:04 655] ivw        331  auw:  nil  4  
[2018/04/25 09:04:04 856] ivw        383  IVW_MSG_AUW  
[2018/04/25 09:04:04 856] ivw        331  auw:  nil  4  
[2018/04/25 09:04:05 057] ivw        383  IVW_MSG_AUW  
[2018/04/25 09:04:05 057] ivw        331  auw:  nil  4  
[2018/04/25 09:04:05 258] ivw        383  IVW_MSG_AUW  
[2018/04/25 09:04:05 258] ivw        331  auw:  nil  4  
[2018/04/25 09:04:05 459] ivw        383  IVW_MSG_AUW  
[2018/04/25 09:04:05 459] ivw        331  auw:  nil  4  
[2018/04/25 09:04:05 660] ivw        383  IVW_MSG_AUW  
[2018/04/25 09:04:05 660] ivw        331  auw:  nil  4  
[2018/04/25 09:04:05 861] ivw        383  IVW_MSG_AUW  
[2018/04/25 09:04:05 861] ivw        331  auw:  nil  4  
[2018/04/25 09:04:06 062] ivw        383  IVW_MSG_AUW  
[2018/04/25 09:04:06 062] ivw        331  auw:  nil  4  
[2018/04/25 09:04:06 262] ivw        383  IVW_MSG_AUW  
[2018/04/25 09:04:06 263] ivw        331  auw:  nil  4  
[2018/04/25 09:04:06 463] ivw        383  IVW_MSG_AUW  
[2018/04/25 09:04:06 463] ivw        331  auw:  nil  4  
[2018/04/25 09:04:06 664] ivw        383  IVW_MSG_AUW  
[2018/04/25 09:04:06 664] ivw        331  auw:  nil  4  
[2018/04/25 09:04:06 865] ivw        383  IVW_MSG_AUW  
[2018/04/25 09:04:06 865] ivw        331  auw:  nil  4  
[2018/04/25 09:04:07 066] ivw        383  IVW_MSG_AUW  
[2018/04/25 09:04:07 066] ivw        331  auw:  nil  4  
[2018/04/25 09:04:07 267] ivw        383  IVW_MSG_AUW  
[2018/04/25 09:04:07 267] ivw        331  auw:  nil  4  
[2018/04/25 09:04:07 468] ivw        383  IVW_MSG_AUW  
[2018/04/25 09:04:07 468] ivw        331  auw:  nil  4  
[2018/04/25 09:04:07 669] ivw        383  IVW_MSG_AUW  
[2018/04/25 09:04:07 669] ivw        331  auw:  nil  4  
[2018/04/25 09:04:07 870] ivw        383  IVW_MSG_AUW  
[2018/04/25 09:04:07 870] ivw        331  auw:  nil  4  
[2018/04/25 09:04:08 070] ivw        383  IVW_MSG_AUW  
[2018/04/25 09:04:08 071] ivw        331  auw:  nil  4  
[2018/04/25 09:04:08 271] ivw        383  IVW_MSG_AUW  
[2018/04/25 09:04:08 271] ivw        331  auw:  nil  4  
[2018/04/25 09:04:08 472] ivw        383  IVW_MSG_AUW  
[2018/04/25 09:04:08 472] ivw        331  auw:  nil  4  
[2018/04/25 09:04:08 673] ivw        383  IVW_MSG_AUW  
[2018/04/25 09:04:08 673] ivw        331  auw:  nil  4  
[2018/04/25 09:04:08 874] ivw        383  IVW_MSG_AUW  
[2018/04/25 09:04:08 874] ivw        331  auw:  nil  4  
[2018/04/25 09:04:09 075] ivw        383  IVW_MSG_AUW  
[2018/04/25 09:04:09 075] ivw        331  auw:  nil  4  
[2018/04/25 09:04:09 276] ivw        383  IVW_MSG_AUW  
[2018/04/25 09:04:09 276] ivw        331  auw:  nil  4  
[2018/04/25 09:04:09 476] ivw        383  IVW_MSG_AUW  
[2018/04/25 09:04:09 476] ivw        331  auw:  nil  4  
[2018/04/25 09:04:09 677] ivw        383  IVW_MSG_AUW  
[2018/04/25 09:04:09 677] ivw        331  auw:  nil  4  
[2018/04/25 09:04:09 878] ivw        383  IVW_MSG_AUW  
[2018/04/25 09:04:09 878] ivw        331  auw:  nil  4  
[2018/04/25 09:04:10 079] ivw        383  IVW_MSG_AUW  
[2018/04/25 09:04:10 079] ivw        331  auw:  nil  4  
[2018/04/25 09:04:10 280] ivw        383  IVW_MSG_AUW  
[2018/04/25 09:04:10 280] ivw        331  auw:  nil  4  
[2018/04/25 09:04:10 480] ivw        383  IVW_MSG_AUW  
[2018/04/25 09:04:10 480] ivw        331  auw:  nil  4  
[2018/04/25 09:04:10 681] ivw        383  IVW_MSG_AUW  
[2018/04/25 09:04:10 681] ivw        331  auw:  nil  4  
[2018/04/25 09:04:10 882] ivw        383  IVW_MSG_AUW  
[2018/04/25 09:04:10 882] ivw        331  auw:  nil  4  
[2018/04/25 09:04:11 083] ivw        383  IVW_MSG_AUW  
[2018/04/25 09:04:11 083] ivw        331  auw:  nil  4  
[2018/04/25 09:04:11 284] ivw        383  IVW_MSG_AUW  
[2018/04/25 09:04:11 284] ivw        331  auw:  nil  4  
[2018/04/25 09:04:11 485] ivw        383  IVW_MSG_AUW  
[2018/04/25 09:04:11 485] ivw        331  auw:  nil  4  
[2018/04/25 09:04:11 686] ivw        383  IVW_MSG_AUW  
[2018/04/25 09:04:11 686] ivw        331  auw:  nil  4  
[2018/04/25 09:04:11 887] ivw        383  IVW_MSG_AUW  
[2018/04/25 09:04:11 887] ivw        331  auw:  nil  4  
[2018/04/25 09:04:12 088] ivw        383  IVW_MSG_AUW  
[2018/04/25 09:04:12 088] ivw        331  auw:  nil  4  
[2018/04/25 09:04:12 289] ivw        383  IVW_MSG_AUW  
[2018/04/25 09:04:12 289] ivw        331  auw:  nil  4  
[2018/04/25 09:04:12 489] ivw        383  IVW_MSG_AUW  
[2018/04/25 09:04:12 490] ivw        331  auw:  nil  4  
[2018/04/25 09:04:12 690] ivw        383  IVW_MSG_AUW  
[2018/04/25 09:04:12 690] ivw        331  auw:  nil  4  
[2018/04/25 09:04:12 891] ivw        383  IVW_MSG_AUW  
[2018/04/25 09:04:12 891] ivw        331  auw:  nil  4  
[2018/04/25 09:04:13 092] ivw        383  IVW_MSG_AUW  
[2018/04/25 09:04:13 092] ivw        331  auw:  nil  4  
[2018/04/25 09:04:13 293] ivw        383  IVW_MSG_AUW  
[2018/04/25 09:04:13 293] ivw        331  auw:  nil  4  
[2018/04/25 09:04:13 493] ivw        383  IVW_MSG_AUW  
[2018/04/25 09:04:13 493] ivw        331  auw:  nil  4  
[2018/04/25 09:04:13 694] ivw        383  IVW_MSG_AUW  
[2018/04/25 09:04:13 694] ivw        331  auw:  nil  4  
[2018/04/25 09:04:13 895] ivw        383  IVW_MSG_AUW  
[2018/04/25 09:04:13 895] ivw        331  auw:  nil  4  
[2018/04/25 09:04:14 096] ivw        383  IVW_MSG_AUW  
[2018/04/25 09:04:14 096] ivw        331  auw:  nil  4  
[2018/04/25 09:04:14 296] ivw        383  IVW_MSG_AUW  
[2018/04/25 09:04:14 296] ivw        331  auw:  nil  4  
[2018/04/25 09:04:14 497] ivw        383  IVW_MSG_AUW  
[2018/04/25 09:04:14 497] ivw        331  auw:  nil  4  
[2018/04/25 09:04:14 697] ivw        383  IVW_MSG_AUW  
[2018/04/25 09:04:14 697] ivw        331  auw:  nil  4  
[2018/04/25 09:04:14 898] ivw        383  IVW_MSG_AUW  
[2018/04/25 09:04:14 898] ivw        331  auw:  nil  4  
[2018/04/25 09:04:15 099] ivw        383  IVW_MSG_AUW  
[2018/04/25 09:04:15 099] ivw        331  auw:  nil  4  
[2018/04/25 09:04:15 300] ivw        383  IVW_MSG_AUW  
[2018/04/25 09:04:15 300] ivw        331  auw:  nil  4  
[2018/04/25 09:04:15 500] ivw        383  IVW_MSG_AUW  
[2018/04/25 09:04:15 500] ivw        331  auw:  nil  4  
[2018/04/25 09:04:15 701] ivw        383  IVW_MSG_AUW  
[2018/04/25 09:04:15 701] ivw        331  auw:  nil  4  
[2018/04/25 09:04:15 902] ivw        383  IVW_MSG_AUW  
[2018/04/25 09:04:15 902] ivw        331  auw:  nil  4  
[2018/04/25 09:04:16 103] ivw        383  IVW_MSG_AUW  
[2018/04/25 09:04:16 103] ivw        331  auw:  nil  4  
[2018/04/25 09:04:16 303] ivw        383  IVW_MSG_AUW  
[2018/04/25 09:04:16 303] ivw        331  auw:  nil  4  
[2018/04/25 09:04:16 504] ivw        383  IVW_MSG_AUW  
[2018/04/25 09:04:16 504] ivw        331  auw:  nil  4  
[2018/04/25 09:04:16 705] ivw        383  IVW_MSG_AUW  
[2018/04/25 09:04:16 705] ivw        331  auw:  nil  4  
[2018/04/25 09:04:16 906] ivw        383  IVW_MSG_AUW  
[2018/04/25 09:04:16 906] ivw        331  auw:  nil  4  
[2018/04/25 09:04:17 107] ivw        383  IVW_MSG_AUW  
[2018/04/25 09:04:17 107] ivw        331  auw:  nil  4  
[2018/04/25 09:04:17 308] ivw        383  IVW_MSG_AUW  
[2018/04/25 09:04:17 308] ivw        331  auw:  nil  4  
[2018/04/25 09:04:17 509] ivw        383  IVW_MSG_AUW  
[2018/04/25 09:04:17 509] ivw        331  auw:  nil  4  
[2018/04/25 09:04:17 709] ivw        383  IVW_MSG_AUW  
[2018/04/25 09:04:17 709] ivw        331  auw:  nil  4  
[2018/04/25 09:04:17 910] ivw        383  IVW_MSG_AUW  
[2018/04/25 09:04:17 910] ivw        331  auw:  nil  4  
[2018/04/25 09:04:18 111] ivw        383  IVW_MSG_AUW  
[2018/04/25 09:04:18 111] ivw        331  auw:  nil  4  
[2018/04/25 09:04:18 312] ivw        383  IVW_MSG_AUW  
[2018/04/25 09:04:18 312] ivw        331  auw:  nil  4  
[2018/04/25 09:04:18 512] ivw        383  IVW_MSG_AUW  
[2018/04/25 09:04:18 512] ivw        331  auw:  nil  4  
[2018/04/25 09:04:18 713] ivw        383  IVW_MSG_AUW  
[2018/04/25 09:04:18 713] ivw        331  auw:  nil  4  
[2018/04/25 09:04:18 914] ivw        383  IVW_MSG_AUW  
[2018/04/25 09:04:18 914] ivw        331  auw:  nil  4  
[2018/04/25 09:04:19 114] ivw        383  IVW_MSG_AUW  
[2018/04/25 09:04:19 114] ivw        331  auw:  nil  4  
[2018/04/25 09:04:19 315] ivw        383  IVW_MSG_AUW  
[2018/04/25 09:04:19 315] ivw        331  auw:  nil  4  
[2018/04/25 09:04:19 516] ivw        383  IVW_MSG_AUW  
[2018/04/25 09:04:19 516] ivw        331  auw:  nil  4  
[2018/04/25 09:04:19 716] ivw        383  IVW_MSG_AUW  
[2018/04/25 09:04:19 716] ivw        331  auw:  nil  4  
[2018/04/25 09:04:19 917] ivw        383  IVW_MSG_AUW  
[2018/04/25 09:04:19 917] ivw        331  auw:  nil  4  
[2018/04/25 09:04:20 118] ivw        383  IVW_MSG_AUW  
[2018/04/25 09:04:20 118] ivw        331  auw:  nil  4  
[2018/04/25 09:04:20 318] ivw        383  IVW_MSG_AUW  
[2018/04/25 09:04:20 319] ivw        331  auw:  nil  4  
[2018/04/25 09:04:20 519] ivw        383  IVW_MSG_AUW  
[2018/04/25 09:04:20 519] ivw        331  auw:  nil  4  
[2018/04/25 09:04:20 720] ivw        383  IVW_MSG_AUW  
[2018/04/25 09:04:20 720] ivw        331  auw:  nil  4  
[2018/04/25 09:04:20 920] ivw        383  IVW_MSG_AUW  
[2018/04/25 09:04:20 920] ivw        331  auw:  nil  4  
[2018/04/25 09:04:21 121] ivw        383  IVW_MSG_AUW  
[2018/04/25 09:04:21 121] ivw        331  auw:  nil  4  
[2018/04/25 09:04:21 322] ivw        383  IVW_MSG_AUW  
[2018/04/25 09:04:21 322] ivw        331  auw:  nil  4  
[2018/04/25 09:04:21 523] ivw        383  IVW_MSG_AUW  
[2018/04/25 09:04:21 523] ivw        331  auw:  nil  4  
[2018/04/25 09:04:21 723] ivw        383  IVW_MSG_AUW  
[2018/04/25 09:04:21 723] ivw        331  auw:  nil  4  
[2018/04/25 09:04:21 924] ivw        383  IVW_MSG_AUW  
[2018/04/25 09:04:21 925] ivw        331  auw:  nil  4  
[2018/04/25 09:04:22 125] ivw        383  IVW_MSG_AUW  
[2018/04/25 09:04:22 125] ivw        331  auw:  nil  4  
[2018/04/25 09:04:22 325] ivw        383  IVW_MSG_AUW  
[2018/04/25 09:04:22 325] ivw        331  auw:  nil  4  
[2018/04/25 09:04:22 526] ivw        383  IVW_MSG_AUW  
[2018/04/25 09:04:22 526] ivw        331  auw:  nil  4  
[2018/04/25 09:04:22 727] ivw        383  IVW_MSG_AUW  
[2018/04/25 09:04:22 727] ivw        331  auw:  nil  4  
[2018/04/25 09:04:22 927] ivw        383  IVW_MSG_AUW  
[2018/04/25 09:04:22 927] ivw        331  auw:  nil  4  
[2018/04/25 09:04:23 128] ivw        383  IVW_MSG_AUW  
[2018/04/25 09:04:23 128] ivw        331  auw:  nil  4  
[2018/04/25 09:04:23 329] ivw        383  IVW_MSG_AUW  
[2018/04/25 09:04:23 329] ivw        331  auw:  nil  4  
[2018/04/25 09:04:23 529] ivw        383  IVW_MSG_AUW  
[2018/04/25 09:04:23 530] ivw        331  auw:  nil  4  
[2018/04/25 09:04:23 730] ivw        383  IVW_MSG_AUW  
[2018/04/25 09:04:23 730] ivw        331  auw:  nil  4  
[2018/04/25 09:04:23 931] ivw        383  IVW_MSG_AUW  
[2018/04/25 09:04:23 931] ivw        331  auw:  nil  4  
[2018/04/25 09:04:24 132] ivw        383  IVW_MSG_AUW  
[2018/04/25 09:04:24 132] ivw        331  auw:  nil  4  
[2018/04/25 09:04:24 332] ivw        383  IVW_MSG_AUW  
[2018/04/25 09:04:24 332] ivw        331  auw:  nil  4  
[2018/04/25 09:04:24 533] ivw        383  IVW_MSG_AUW  
[2018/04/25 09:04:24 534] ivw        331  auw:  nil  4  
[2018/04/25 09:04:24 734] ivw        383  IVW_MSG_AUW  
[2018/04/25 09:04:24 734] ivw        331  auw:  nil  4  
[2018/04/25 09:04:24 935] ivw        383  IVW_MSG_AUW  
[2018/04/25 09:04:24 935] ivw        331  auw:  nil  4  
[2018/04/25 09:04:25 136] ivw        383  IVW_MSG_AUW  
[2018/04/25 09:04:25 136] ivw        331  auw:  nil  4  
[2018/04/25 09:04:25 336] ivw        383  IVW_MSG_AUW  
[2018/04/25 09:04:25 336] ivw        331  auw:  nil  4  
[2018/04/25 09:04:25 537] ivw        383  IVW_MSG_AUW  
[2018/04/25 09:04:25 537] ivw        331  auw:  nil  4  
[2018/04/25 09:04:25 738] ivw        383  IVW_MSG_AUW  
[2018/04/25 09:04:25 738] ivw        331  auw:  nil  4  
[2018/04/25 09:04:25 938] ivw        383  IVW_MSG_AUW  
[2018/04/25 09:04:25 939] ivw        331  auw:  nil  4  
[2018/04/25 09:04:26 139] ivw        383  IVW_MSG_AUW  
[2018/04/25 09:04:26 139] ivw        331  auw:  nil  4  
[2018/04/25 09:04:26 340] ivw        383  IVW_MSG_AUW  
[2018/04/25 09:04:26 340] ivw        331  auw:  nil  4  
[2018/04/25 09:04:26 540] ivw        383  IVW_MSG_AUW  
[2018/04/25 09:04:26 541] ivw        331  auw:  nil  4  
[2018/04/25 09:04:26 741] ivw        383  IVW_MSG_AUW  
[2018/04/25 09:04:26 741] ivw        331  auw:  nil  4  
[2018/04/25 09:04:26 942] ivw        383  IVW_MSG_AUW  
[2018/04/25 09:04:26 942] ivw        331  auw:  nil  4  
[2018/04/25 09:04:27 143] ivw        383  IVW_MSG_AUW  
[2018/04/25 09:04:27 143] ivw        331  auw:  nil  4  
[2018/04/25 09:04:27 343] ivw        383  IVW_MSG_AUW  
[2018/04/25 09:04:27 344] ivw        331  auw:  nil  4  
