============================================================
Time  2018/04/25 17:21:44 863 
============================================================
[2018/04/25 17:21:44 863] ivw        420  ivw loaded!  
[2018/04/25 17:21:44 863] ivw        408  SYS_MSG_REGCB  msp_status_cb  func(78099f70) 
[2018/04/25 17:21:44 866] ivw        375  IVW_MSG_SSB  
[2018/04/25 17:21:44 866] ivw        230  ssb:  ivw_threshold=0:-20,sst=wakeup  
[2018/04/25 17:21:44 866] ivw        248  net_type:  standard  
[2018/04/25 17:21:44 885] ivw        408  SYS_MSG_REGCB  MsgProcCallBack  func(7809d540) 
[2018/04/25 17:21:44 885] ivw        134  ivwMessageCallBack  2001  018cb0487bb4af5e9a13a9e01bd12822  nil  nil  
[2018/04/25 17:21:44 885] ivw        383  IVW_MSG_AUW  
[2018/04/25 17:21:44 885] ivw        331  auw:  udata(7809d5d8) 1  
[2018/04/25 17:21:45 069] ivw        383  IVW_MSG_AUW  
[2018/04/25 17:21:45 069] ivw        331  auw:  udata(780761f8) 2  
[2018/04/25 17:21:45 270] ivw        383  IVW_MSG_AUW  
[2018/04/25 17:21:45 270] ivw        331  auw:  udata(78075ae8) 2  
[2018/04/25 17:21:45 470] ivw        383  IVW_MSG_AUW  
[2018/04/25 17:21:45 470] ivw        331  auw:  udata(78018358) 2  
[2018/04/25 17:21:45 671] ivw        383  IVW_MSG_AUW  
[2018/04/25 17:21:45 671] ivw        331  auw:  udata(7806e098) 2  
[2018/04/25 17:21:45 872] ivw        383  IVW_MSG_AUW  
[2018/04/25 17:21:45 872] ivw        331  auw:  udata(780be308) 4  
[2018/04/25 17:21:45 873] ivw        395  IVW_MSG_SSE  
[2018/04/25 17:21:45 873] ivw        358  ivw.sse ivw  
[2018/04/25 17:21:45 873] ivw        214  local_plog_process  
[2018/04/25 17:21:45 873] ivw        176  collect_plog_data  
[2018/04/25 17:21:45 877] ivw        403  SYS_MSG_UNLOAD  
