============================================================
Time  2018/04/25 17:14:30 864 
============================================================
[2018/04/25 17:14:30 864] ivw        420  ivw loaded!  
[2018/04/25 17:14:30 864] ivw        408  SYS_MSG_REGCB  msp_status_cb  func(ac099f70) 
[2018/04/25 17:14:30 868] ivw        375  IVW_MSG_SSB  
[2018/04/25 17:14:30 868] ivw        230  ssb:  ivw_threshold=0:-20,sst=wakeup  
[2018/04/25 17:14:30 868] ivw        248  net_type:  standard  
[2018/04/25 17:14:30 886] ivw        408  SYS_MSG_REGCB  MsgProcCallBack  func(ac09fdb0) 
[2018/04/25 17:14:30 886] ivw        134  ivwMessageCallBack  2001  018cb0487bb4af5e9a13a9e01bd12822  nil  nil  
[2018/04/25 17:14:30 887] ivw        383  IVW_MSG_AUW  
[2018/04/25 17:14:30 887] ivw        331  auw:  udata(ac09fe48) 1  
[2018/04/25 17:14:31 070] ivw        383  IVW_MSG_AUW  
[2018/04/25 17:14:31 070] ivw        331  auw:  udata(ac066998) 2  
[2018/04/25 17:14:31 271] ivw        383  IVW_MSG_AUW  
[2018/04/25 17:14:31 271] ivw        331  auw:  udata(ac0a0898) 2  
[2018/04/25 17:14:31 472] ivw        383  IVW_MSG_AUW  
[2018/04/25 17:14:31 472] ivw        331  auw:  udata(ac0b4ad8) 2  
[2018/04/25 17:14:31 672] ivw        383  IVW_MSG_AUW  
[2018/04/25 17:14:31 672] ivw        331  auw:  udata(ac09f9c8) 2  
[2018/04/25 17:14:31 873] ivw        383  IVW_MSG_AUW  
[2018/04/25 17:14:31 873] ivw        331  auw:  udata(ac029e28) 4  
[2018/04/25 17:14:32 074] ivw        383  IVW_MSG_AUW  
[2018/04/25 17:14:32 074] ivw        331  auw:  nil  4  
[2018/04/25 17:14:32 274] ivw        383  IVW_MSG_AUW  
[2018/04/25 17:14:32 274] ivw        331  auw:  nil  4  
[2018/04/25 17:14:32 475] ivw        383  IVW_MSG_AUW  
[2018/04/25 17:14:32 475] ivw        331  auw:  nil  4  
[2018/04/25 17:14:32 676] ivw        383  IVW_MSG_AUW  
[2018/04/25 17:14:32 676] ivw        331  auw:  nil  4  
[2018/04/25 17:14:32 876] ivw        383  IVW_MSG_AUW  
[2018/04/25 17:14:32 876] ivw        331  auw:  nil  4  
[2018/04/25 17:14:33 077] ivw        383  IVW_MSG_AUW  
[2018/04/25 17:14:33 077] ivw        331  auw:  nil  4  
[2018/04/25 17:14:33 277] ivw        383  IVW_MSG_AUW  
[2018/04/25 17:14:33 277] ivw        331  auw:  nil  4  
[2018/04/25 17:14:33 478] ivw        383  IVW_MSG_AUW  
[2018/04/25 17:14:33 478] ivw        331  auw:  nil  4  
[2018/04/25 17:14:33 679] ivw        383  IVW_MSG_AUW  
[2018/04/25 17:14:33 679] ivw        331  auw:  nil  4  
[2018/04/25 17:14:33 879] ivw        383  IVW_MSG_AUW  
[2018/04/25 17:14:33 879] ivw        331  auw:  nil  4  
[2018/04/25 17:14:34 080] ivw        383  IVW_MSG_AUW  
[2018/04/25 17:14:34 080] ivw        331  auw:  nil  4  
[2018/04/25 17:14:34 281] ivw        383  IVW_MSG_AUW  
[2018/04/25 17:14:34 281] ivw        331  auw:  nil  4  
[2018/04/25 17:14:34 482] ivw        383  IVW_MSG_AUW  
[2018/04/25 17:14:34 483] ivw        331  auw:  nil  4  
[2018/04/25 17:14:34 682] ivw        383  IVW_MSG_AUW  
[2018/04/25 17:14:34 682] ivw        331  auw:  nil  4  
[2018/04/25 17:14:34 883] ivw        383  IVW_MSG_AUW  
[2018/04/25 17:14:34 883] ivw        331  auw:  nil  4  
[2018/04/25 17:14:35 084] ivw        383  IVW_MSG_AUW  
[2018/04/25 17:14:35 084] ivw        331  auw:  nil  4  
[2018/04/25 17:14:35 284] ivw        383  IVW_MSG_AUW  
[2018/04/25 17:14:35 285] ivw        331  auw:  nil  4  
[2018/04/25 17:14:35 485] ivw        383  IVW_MSG_AUW  
[2018/04/25 17:14:35 486] ivw        331  auw:  nil  4  
[2018/04/25 17:14:35 685] ivw        383  IVW_MSG_AUW  
[2018/04/25 17:14:35 686] ivw        331  auw:  nil  4  
[2018/04/25 17:14:35 886] ivw        383  IVW_MSG_AUW  
[2018/04/25 17:14:35 886] ivw        331  auw:  nil  4  
[2018/04/25 17:14:36 087] ivw        383  IVW_MSG_AUW  
[2018/04/25 17:14:36 087] ivw        331  auw:  nil  4  
[2018/04/25 17:14:36 287] ivw        383  IVW_MSG_AUW  
[2018/04/25 17:14:36 287] ivw        331  auw:  nil  4  
[2018/04/25 17:14:36 488] ivw        383  IVW_MSG_AUW  
[2018/04/25 17:14:36 488] ivw        331  auw:  nil  4  
[2018/04/25 17:14:36 688] ivw        383  IVW_MSG_AUW  
[2018/04/25 17:14:36 689] ivw        331  auw:  nil  4  
[2018/04/25 17:14:36 889] ivw        383  IVW_MSG_AUW  
[2018/04/25 17:14:36 889] ivw        331  auw:  nil  4  
[2018/04/25 17:14:37 090] ivw        383  IVW_MSG_AUW  
[2018/04/25 17:14:37 090] ivw        331  auw:  nil  4  
[2018/04/25 17:14:37 290] ivw        383  IVW_MSG_AUW  
[2018/04/25 17:14:37 290] ivw        331  auw:  nil  4  
[2018/04/25 17:14:37 491] ivw        383  IVW_MSG_AUW  
[2018/04/25 17:14:37 491] ivw        331  auw:  nil  4  
[2018/04/25 17:14:37 692] ivw        383  IVW_MSG_AUW  
[2018/04/25 17:14:37 692] ivw        331  auw:  nil  4  
[2018/04/25 17:14:37 892] ivw        383  IVW_MSG_AUW  
[2018/04/25 17:14:37 893] ivw        331  auw:  nil  4  
[2018/04/25 17:14:38 093] ivw        383  IVW_MSG_AUW  
[2018/04/25 17:14:38 093] ivw        331  auw:  nil  4  
[2018/04/25 17:14:38 294] ivw        383  IVW_MSG_AUW  
[2018/04/25 17:14:38 294] ivw        331  auw:  nil  4  
[2018/04/25 17:14:38 494] ivw        383  IVW_MSG_AUW  
[2018/04/25 17:14:38 495] ivw        331  auw:  nil  4  
[2018/04/25 17:14:38 695] ivw        383  IVW_MSG_AUW  
[2018/04/25 17:14:38 695] ivw        331  auw:  nil  4  
[2018/04/25 17:14:38 896] ivw        383  IVW_MSG_AUW  
[2018/04/25 17:14:38 896] ivw        331  auw:  nil  4  
[2018/04/25 17:14:39 097] ivw        383  IVW_MSG_AUW  
[2018/04/25 17:14:39 097] ivw        331  auw:  nil  4  
[2018/04/25 17:14:39 297] ivw        383  IVW_MSG_AUW  
[2018/04/25 17:14:39 297] ivw        331  auw:  nil  4  
[2018/04/25 17:14:39 498] ivw        383  IVW_MSG_AUW  
[2018/04/25 17:14:39 498] ivw        331  auw:  nil  4  
[2018/04/25 17:14:39 698] ivw        383  IVW_MSG_AUW  
[2018/04/25 17:14:39 699] ivw        331  auw:  nil  4  
[2018/04/25 17:14:39 899] ivw        383  IVW_MSG_AUW  
[2018/04/25 17:14:39 899] ivw        331  auw:  nil  4  
[2018/04/25 17:14:40 100] ivw        383  IVW_MSG_AUW  
[2018/04/25 17:14:40 100] ivw        331  auw:  nil  4  
[2018/04/25 17:14:40 300] ivw        383  IVW_MSG_AUW  
[2018/04/25 17:14:40 301] ivw        331  auw:  nil  4  
[2018/04/25 17:14:40 501] ivw        383  IVW_MSG_AUW  
[2018/04/25 17:14:40 501] ivw        331  auw:  nil  4  
[2018/04/25 17:14:40 702] ivw        383  IVW_MSG_AUW  
[2018/04/25 17:14:40 702] ivw        331  auw:  nil  4  
[2018/04/25 17:14:40 903] ivw        383  IVW_MSG_AUW  
[2018/04/25 17:14:40 903] ivw        331  auw:  nil  4  
[2018/04/25 17:14:41 103] ivw        383  IVW_MSG_AUW  
[2018/04/25 17:14:41 103] ivw        331  auw:  nil  4  
[2018/04/25 17:14:41 304] ivw        383  IVW_MSG_AUW  
[2018/04/25 17:14:41 304] ivw        331  auw:  nil  4  
[2018/04/25 17:14:41 504] ivw        383  IVW_MSG_AUW  
[2018/04/25 17:14:41 504] ivw        331  auw:  nil  4  
[2018/04/25 17:14:41 705] ivw        383  IVW_MSG_AUW  
[2018/04/25 17:14:41 705] ivw        331  auw:  nil  4  
[2018/04/25 17:14:41 906] ivw        383  IVW_MSG_AUW  
[2018/04/25 17:14:41 906] ivw        331  auw:  nil  4  
[2018/04/25 17:14:42 106] ivw        383  IVW_MSG_AUW  
[2018/04/25 17:14:42 107] ivw        331  auw:  nil  4  
