============================================================
Time  2018/04/25 08:56:11 538 
============================================================
[2018/04/25 08:56:11 538] ivw        420  ivw loaded!  
[2018/04/25 08:56:11 539] ivw        408  SYS_MSG_REGCB  msp_status_cb  func(c0099f70) 
[2018/04/25 08:56:11 541] ivw        375  IVW_MSG_SSB  
[2018/04/25 08:56:11 542] ivw        230  ssb:  ivw_threshold=0:-20,sst=wakeup  
[2018/04/25 08:56:11 542] ivw        248  net_type:  standard  
[2018/04/25 08:56:11 560] ivw        408  SYS_MSG_REGCB  MsgProcCallBack  func(c009d540) 
[2018/04/25 08:56:11 560] ivw        134  ivwMessageCallBack  2001  018cb0487bb4af5e9a13a9e01bd12822  nil  nil  
[2018/04/25 08:56:11 560] ivw        383  IVW_MSG_AUW  
[2018/04/25 08:56:11 561] ivw        331  auw:  udata(c009d628) 1  
[2018/04/25 08:56:11 744] ivw        383  IVW_MSG_AUW  
[2018/04/25 08:56:11 745] ivw        331  auw:  udata(c003e7b8) 2  
[2018/04/25 08:56:11 945] ivw        383  IVW_MSG_AUW  
[2018/04/25 08:56:11 945] ivw        331  auw:  udata(c009d998) 2  
[2018/04/25 08:56:12 146] ivw        383  IVW_MSG_AUW  
[2018/04/25 08:56:12 146] ivw        331  auw:  udata(c0041c98) 2  
[2018/04/25 08:56:12 346] ivw        383  IVW_MSG_AUW  
[2018/04/25 08:56:12 347] ivw        331  auw:  udata(c00c6318) 2  
[2018/04/25 08:56:12 547] ivw        383  IVW_MSG_AUW  
[2018/04/25 08:56:12 547] ivw        331  auw:  udata(c00c1378) 4  
[2018/04/25 08:56:12 549] ivw        395  IVW_MSG_SSE  
[2018/04/25 08:56:12 549] ivw        358  ivw.sse ivw  
[2018/04/25 08:56:12 549] ivw        214  local_plog_process  
[2018/04/25 08:56:12 549] ivw        176  collect_plog_data  
[2018/04/25 08:56:12 552] ivw        403  SYS_MSG_UNLOAD  
