============================================================
Time  2018/04/25 08:16:30 434 
============================================================
[2018/04/25 08:16:30 434] lgi        641  SYS_MSG_LOAD  
[2018/04/25 08:16:30 436] lgi        663  SYS_MSG_REGCB  msp_status_cb  func(b8015f30) 
[2018/04/25 08:16:30 436] lgi        292  LGI_MSG_INIT  
[2018/04/25 08:16:30 437] lgi        299  lgi  lgi_  268436457  1504340430  
[2018/04/25 08:16:30 437] lgi        332  lgi params:  appid = 5aaa223d,engine_start = ivw,ivw_res_path =fo|res/ivw/wakeupresource.jet, work_dir = .  
[2018/04/25 08:16:30 437] lgi        346  auth_time_str=  2018/04/25 08:16:30  
[2018/04/25 08:16:30 437] lgi        352  auth_appid=  5aaa223d  
[2018/04/25 08:16:30 437] lgi        363  token:  nil  
[2018/04/25 08:16:30 437] lgi        433  msc cver : 5.0.34.1166  
[2018/04/25 08:16:30 437] lgi        476  ns_enable=  1  
[2018/04/25 08:16:30 437] lgi        488  prot_ver=1  
[2018/04/25 08:16:30 437] lgi        499  prot_type=tcp  
[2018/04/25 08:16:30 444] lgi        650  SYS_MSG_UNLOAD  go bg!  
[2018/04/25 08:16:34 215] lgi        654  SYS_MSG_SHUTDOWN  
============================================================
Time  2018/04/25 08:55:43 843 
============================================================
[2018/04/25 08:55:43 843] lgi        641  SYS_MSG_LOAD  
[2018/04/25 08:55:43 861] lgi        663  SYS_MSG_REGCB  msp_status_cb  func(94015f50) 
[2018/04/25 08:55:43 862] lgi        292  LGI_MSG_INIT  
[2018/04/25 08:55:43 862] lgi        299  lgi  lgi_  268436457  1504340430  
[2018/04/25 08:55:43 862] lgi        332  lgi params:  appid = 5aaa223d,engine_start = ivw,ivw_res_path =fo|res/ivw/wakeupresource.jet, work_dir = .  
[2018/04/25 08:55:43 862] lgi        346  auth_time_str=  2018/04/25 08:55:43  
[2018/04/25 08:55:43 862] lgi        352  auth_appid=  5aaa223d  
[2018/04/25 08:55:43 862] lgi        363  token:  nil  
[2018/04/25 08:55:43 862] lgi        433  msc cver : 5.0.34.1166  
[2018/04/25 08:55:43 862] lgi        476  ns_enable=  1  
[2018/04/25 08:55:43 862] lgi        488  prot_ver=1  
[2018/04/25 08:55:43 863] lgi        499  prot_type=tcp  
[2018/04/25 08:55:43 865] lgi        650  SYS_MSG_UNLOAD  go bg!  
[2018/04/25 08:55:56 581] lgi        654  SYS_MSG_SHUTDOWN  
============================================================
Time  2018/04/25 08:56:03 521 
============================================================
[2018/04/25 08:56:03 522] lgi        641  SYS_MSG_LOAD  
[2018/04/25 08:56:03 524] lgi        663  SYS_MSG_REGCB  msp_status_cb  func(c8015f00) 
[2018/04/25 08:56:03 524] lgi        292  LGI_MSG_INIT  
[2018/04/25 08:56:03 524] lgi        299  lgi  lgi_  268436457  1504340430  
[2018/04/25 08:56:03 524] lgi        332  lgi params:  appid = 5aaa223d,engine_start = ivw,ivw_res_path =fo|res/ivw/wakeupresource.jet, work_dir = .  
[2018/04/25 08:56:03 525] lgi        346  auth_time_str=  2018/04/25 08:56:03  
[2018/04/25 08:56:03 525] lgi        352  auth_appid=  5aaa223d  
[2018/04/25 08:56:03 525] lgi        363  token:  nil  
[2018/04/25 08:56:03 525] lgi        433  msc cver : 5.0.34.1166  
[2018/04/25 08:56:03 525] lgi        476  ns_enable=  1  
[2018/04/25 08:56:03 525] lgi        488  prot_ver=1  
[2018/04/25 08:56:03 525] lgi        499  prot_type=tcp  
[2018/04/25 08:56:03 528] lgi        650  SYS_MSG_UNLOAD  go bg!  
[2018/04/25 08:56:10 756] lgi        654  SYS_MSG_SHUTDOWN  
============================================================
Time  2018/04/25 08:56:11 516 
============================================================
[2018/04/25 08:56:11 516] lgi        641  SYS_MSG_LOAD  
[2018/04/25 08:56:11 519] lgi        663  SYS_MSG_REGCB  msp_status_cb  func(c4013510) 
[2018/04/25 08:56:11 519] lgi        292  LGI_MSG_INIT  
[2018/04/25 08:56:11 519] lgi        299  lgi  lgi_  268436457  1504340430  
[2018/04/25 08:56:11 519] lgi        332  lgi params:  appid = 5aaa223d,engine_start = ivw,ivw_res_path =fo|res/ivw/wakeupresource.jet, work_dir = .  
[2018/04/25 08:56:11 519] lgi        346  auth_time_str=  2018/04/25 08:56:11  
[2018/04/25 08:56:11 519] lgi        352  auth_appid=  5aaa223d  
[2018/04/25 08:56:11 519] lgi        363  token:  nil  
[2018/04/25 08:56:11 520] lgi        433  msc cver : 5.0.34.1166  
[2018/04/25 08:56:11 520] lgi        476  ns_enable=  1  
[2018/04/25 08:56:11 520] lgi        488  prot_ver=1  
[2018/04/25 08:56:11 520] lgi        499  prot_type=tcp  
[2018/04/25 08:56:11 522] lgi        650  SYS_MSG_UNLOAD  go bg!  
============================================================
Time  2018/04/25 08:58:00 451 
============================================================
[2018/04/25 08:58:00 452] lgi        641  SYS_MSG_LOAD  
[2018/04/25 08:58:00 454] lgi        663  SYS_MSG_REGCB  msp_status_cb  func(f8015f30) 
[2018/04/25 08:58:00 454] lgi        292  LGI_MSG_INIT  
[2018/04/25 08:58:00 454] lgi        299  lgi  lgi_  268436457  1504340430  
[2018/04/25 08:58:00 455] lgi        332  lgi params:  appid = 5aaa223d,engine_start = ivw,ivw_res_path =fo|res/ivw/wakeupresource.jet, work_dir = .  
[2018/04/25 08:58:00 455] lgi        346  auth_time_str=  2018/04/25 08:58:00  
[2018/04/25 08:58:00 455] lgi        352  auth_appid=  5aaa223d  
[2018/04/25 08:58:00 455] lgi        363  token:  nil  
[2018/04/25 08:58:00 455] lgi        433  msc cver : 5.0.34.1166  
[2018/04/25 08:58:00 455] lgi        476  ns_enable=  1  
[2018/04/25 08:58:00 455] lgi        488  prot_ver=1  
[2018/04/25 08:58:00 456] lgi        499  prot_type=tcp  
[2018/04/25 08:58:00 458] lgi        650  SYS_MSG_UNLOAD  go bg!  
[2018/04/25 08:58:14 372] lgi        654  SYS_MSG_SHUTDOWN  
============================================================
Time  2018/04/25 08:59:00 854 
============================================================
[2018/04/25 08:59:00 854] lgi        641  SYS_MSG_LOAD  
[2018/04/25 08:59:00 856] lgi        663  SYS_MSG_REGCB  msp_status_cb  func(d8015f00) 
[2018/04/25 08:59:00 856] lgi        292  LGI_MSG_INIT  
[2018/04/25 08:59:00 856] lgi        299  lgi  lgi_  268436457  1504340430  
[2018/04/25 08:59:00 857] lgi        332  lgi params:  appid = 5aaa223d,engine_start = ivw,ivw_res_path =fo|res/ivw/wakeupresource.jet, work_dir = .  
[2018/04/25 08:59:00 857] lgi        346  auth_time_str=  2018/04/25 08:59:00  
[2018/04/25 08:59:00 857] lgi        352  auth_appid=  5aaa223d  
[2018/04/25 08:59:00 857] lgi        363  token:  nil  
[2018/04/25 08:59:00 857] lgi        433  msc cver : 5.0.34.1166  
[2018/04/25 08:59:00 857] lgi        476  ns_enable=  1  
[2018/04/25 08:59:00 857] lgi        488  prot_ver=1  
[2018/04/25 08:59:00 857] lgi        499  prot_type=tcp  
[2018/04/25 08:59:00 860] lgi        650  SYS_MSG_UNLOAD  go bg!  
[2018/04/25 08:59:05 620] lgi        654  SYS_MSG_SHUTDOWN  
============================================================
Time  2018/04/25 09:00:11 870 
============================================================
[2018/04/25 09:00:11 870] lgi        641  SYS_MSG_LOAD  
[2018/04/25 09:00:11 872] lgi        663  SYS_MSG_REGCB  msp_status_cb  func(9c013510) 
[2018/04/25 09:00:11 872] lgi        292  LGI_MSG_INIT  
[2018/04/25 09:00:11 872] lgi        299  lgi  lgi_  268436457  1504340430  
[2018/04/25 09:00:11 873] lgi        332  lgi params:  appid = 5aaa223d,engine_start = ivw,ivw_res_path =fo|res/ivw/wakeupresource.jet, work_dir = .  
[2018/04/25 09:00:11 873] lgi        346  auth_time_str=  2018/04/25 09:00:11  
[2018/04/25 09:00:11 873] lgi        352  auth_appid=  5aaa223d  
[2018/04/25 09:00:11 873] lgi        363  token:  nil  
[2018/04/25 09:00:11 873] lgi        433  msc cver : 5.0.34.1166  
[2018/04/25 09:00:11 873] lgi        476  ns_enable=  1  
[2018/04/25 09:00:11 873] lgi        488  prot_ver=1  
[2018/04/25 09:00:11 873] lgi        499  prot_type=tcp  
[2018/04/25 09:00:11 876] lgi        650  SYS_MSG_UNLOAD  go bg!  
[2018/04/25 09:00:14 913] lgi        654  SYS_MSG_SHUTDOWN  
============================================================
Time  2018/04/25 09:02:02 034 
============================================================
[2018/04/25 09:02:02 035] lgi        641  SYS_MSG_LOAD  
[2018/04/25 09:02:02 036] lgi        663  SYS_MSG_REGCB  msp_status_cb  func(64015f00) 
[2018/04/25 09:02:02 037] lgi        292  LGI_MSG_INIT  
[2018/04/25 09:02:02 037] lgi        299  lgi  lgi_  268436457  1504340430  
[2018/04/25 09:02:02 037] lgi        332  lgi params:  appid = 5aaa223d,engine_start = ivw,ivw_res_path =fo|res/ivw/wakeupresource.jet, work_dir = .  
[2018/04/25 09:02:02 037] lgi        346  auth_time_str=  2018/04/25 09:02:02  
[2018/04/25 09:02:02 037] lgi        352  auth_appid=  5aaa223d  
[2018/04/25 09:02:02 037] lgi        363  token:  nil  
[2018/04/25 09:02:02 037] lgi        433  msc cver : 5.0.34.1166  
[2018/04/25 09:02:02 038] lgi        476  ns_enable=  1  
[2018/04/25 09:02:02 038] lgi        488  prot_ver=1  
[2018/04/25 09:02:02 038] lgi        499  prot_type=tcp  
[2018/04/25 09:02:02 040] lgi        650  SYS_MSG_UNLOAD  go bg!  
[2018/04/25 09:02:33 773] lgi        654  SYS_MSG_SHUTDOWN  
============================================================
Time  2018/04/25 09:03:46 747 
============================================================
[2018/04/25 09:03:46 747] lgi        641  SYS_MSG_LOAD  
[2018/04/25 09:03:46 749] lgi        663  SYS_MSG_REGCB  msp_status_cb  func(3c015f30) 
[2018/04/25 09:03:46 749] lgi        292  LGI_MSG_INIT  
[2018/04/25 09:03:46 750] lgi        299  lgi  lgi_  268436457  1504340430  
[2018/04/25 09:03:46 750] lgi        332  lgi params:  appid = 5aaa223d,engine_start = ivw,ivw_res_path =fo|res/ivw/wakeupresource.jet, work_dir = .  
[2018/04/25 09:03:46 750] lgi        346  auth_time_str=  2018/04/25 09:03:46  
[2018/04/25 09:03:46 750] lgi        352  auth_appid=  5aaa223d  
[2018/04/25 09:03:46 750] lgi        363  token:  nil  
[2018/04/25 09:03:46 750] lgi        433  msc cver : 5.0.34.1166  
[2018/04/25 09:03:46 750] lgi        476  ns_enable=  1  
[2018/04/25 09:03:46 751] lgi        488  prot_ver=1  
[2018/04/25 09:03:46 751] lgi        499  prot_type=tcp  
[2018/04/25 09:03:46 753] lgi        650  SYS_MSG_UNLOAD  go bg!  
============================================================
Time  2018/04/25 17:13:56 219 
============================================================
[2018/04/25 17:13:56 219] lgi        641  SYS_MSG_LOAD  
[2018/04/25 17:13:56 225] lgi        663  SYS_MSG_REGCB  msp_status_cb  func(f4013530) 
[2018/04/25 17:13:56 225] lgi        292  LGI_MSG_INIT  
[2018/04/25 17:13:56 225] lgi        299  lgi  lgi_  268436457  1504340430  
[2018/04/25 17:13:56 226] lgi        332  lgi params:  appid = 5aaa223d,engine_start = ivw,ivw_res_path =fo|res/ivw/wakeupresource.jet, work_dir = .  
[2018/04/25 17:13:56 226] lgi        346  auth_time_str=  2018/04/25 17:13:56  
[2018/04/25 17:13:56 226] lgi        352  auth_appid=  5aaa223d  
[2018/04/25 17:13:56 226] lgi        363  token:  nil  
[2018/04/25 17:13:56 226] lgi        433  msc cver : 5.0.34.1166  
[2018/04/25 17:13:56 226] lgi        476  ns_enable=  1  
[2018/04/25 17:13:56 226] lgi        488  prot_ver=1  
[2018/04/25 17:13:56 226] lgi        499  prot_type=tcp  
[2018/04/25 17:13:56 229] lgi        650  SYS_MSG_UNLOAD  go bg!  
============================================================
Time  2018/04/25 17:14:30 845 
============================================================
[2018/04/25 17:14:30 845] lgi        641  SYS_MSG_LOAD  
[2018/04/25 17:14:30 847] lgi        663  SYS_MSG_REGCB  msp_status_cb  func(b0015f00) 
[2018/04/25 17:14:30 847] lgi        292  LGI_MSG_INIT  
[2018/04/25 17:14:30 848] lgi        299  lgi  lgi_  268436457  1504340430  
[2018/04/25 17:14:30 848] lgi        332  lgi params:  appid = 5aaa223d,engine_start = ivw,ivw_res_path =fo|res/ivw/wakeupresource.jet, work_dir = .  
[2018/04/25 17:14:30 848] lgi        346  auth_time_str=  2018/04/25 17:14:30  
[2018/04/25 17:14:30 848] lgi        352  auth_appid=  5aaa223d  
[2018/04/25 17:14:30 848] lgi        363  token:  nil  
[2018/04/25 17:14:30 848] lgi        433  msc cver : 5.0.34.1166  
[2018/04/25 17:14:30 848] lgi        476  ns_enable=  1  
[2018/04/25 17:14:30 848] lgi        488  prot_ver=1  
[2018/04/25 17:14:30 848] lgi        499  prot_type=tcp  
[2018/04/25 17:14:30 851] lgi        650  SYS_MSG_UNLOAD  go bg!  
============================================================
Time  2018/04/25 17:19:32 184 
============================================================
[2018/04/25 17:19:32 184] lgi        641  SYS_MSG_LOAD  
[2018/04/25 17:19:32 186] lgi        663  SYS_MSG_REGCB  msp_status_cb  func(20013510) 
[2018/04/25 17:19:32 186] lgi        292  LGI_MSG_INIT  
[2018/04/25 17:19:32 187] lgi        299  lgi  lgi_  268436457  1504340430  
[2018/04/25 17:19:32 187] lgi        332  lgi params:  appid = 5aaa223d,engine_start = ivw,ivw_res_path =fo|res/ivw/wakeupresource.jet, work_dir = .  
[2018/04/25 17:19:32 187] lgi        346  auth_time_str=  2018/04/25 17:19:32  
[2018/04/25 17:19:32 187] lgi        352  auth_appid=  5aaa223d  
[2018/04/25 17:19:32 187] lgi        363  token:  nil  
[2018/04/25 17:19:32 187] lgi        433  msc cver : 5.0.34.1166  
[2018/04/25 17:19:32 187] lgi        476  ns_enable=  1  
[2018/04/25 17:19:32 187] lgi        488  prot_ver=1  
[2018/04/25 17:19:32 188] lgi        499  prot_type=tcp  
[2018/04/25 17:19:32 190] lgi        650  SYS_MSG_UNLOAD  go bg!  
[2018/04/25 17:19:40 663] lgi        654  SYS_MSG_SHUTDOWN  
============================================================
Time  2018/04/25 17:19:41 973 
============================================================
[2018/04/25 17:19:41 973] lgi        641  SYS_MSG_LOAD  
[2018/04/25 17:19:41 975] lgi        663  SYS_MSG_REGCB  msp_status_cb  func(48015f20) 
[2018/04/25 17:19:41 975] lgi        292  LGI_MSG_INIT  
[2018/04/25 17:19:41 976] lgi        299  lgi  lgi_  268436457  1504340430  
[2018/04/25 17:19:41 976] lgi        332  lgi params:  appid = 5aaa223d,engine_start = ivw,ivw_res_path =fo|res/ivw/wakeupresource.jet, work_dir = .  
[2018/04/25 17:19:41 976] lgi        346  auth_time_str=  2018/04/25 17:19:41  
[2018/04/25 17:19:41 976] lgi        352  auth_appid=  5aaa223d  
[2018/04/25 17:19:41 976] lgi        363  token:  nil  
[2018/04/25 17:19:41 976] lgi        433  msc cver : 5.0.34.1166  
[2018/04/25 17:19:41 976] lgi        476  ns_enable=  1  
[2018/04/25 17:19:41 976] lgi        488  prot_ver=1  
[2018/04/25 17:19:41 976] lgi        499  prot_type=tcp  
[2018/04/25 17:19:41 978] lgi        650  SYS_MSG_UNLOAD  go bg!  
[2018/04/25 17:19:59 006] lgi        654  SYS_MSG_SHUTDOWN  
============================================================
Time  2018/04/25 17:19:59 854 
============================================================
[2018/04/25 17:19:59 854] lgi        641  SYS_MSG_LOAD  
[2018/04/25 17:19:59 856] lgi        663  SYS_MSG_REGCB  msp_status_cb  func(ac013530) 
[2018/04/25 17:19:59 857] lgi        292  LGI_MSG_INIT  
[2018/04/25 17:19:59 857] lgi        299  lgi  lgi_  268436457  1504340430  
[2018/04/25 17:19:59 857] lgi        332  lgi params:  appid = 5aaa223d,engine_start = ivw,ivw_res_path =fo|res/ivw/wakeupresource.jet, work_dir = .  
[2018/04/25 17:19:59 857] lgi        346  auth_time_str=  2018/04/25 17:19:59  
[2018/04/25 17:19:59 857] lgi        352  auth_appid=  5aaa223d  
[2018/04/25 17:19:59 857] lgi        363  token:  nil  
[2018/04/25 17:19:59 857] lgi        433  msc cver : 5.0.34.1166  
[2018/04/25 17:19:59 857] lgi        476  ns_enable=  1  
[2018/04/25 17:19:59 858] lgi        488  prot_ver=1  
[2018/04/25 17:19:59 858] lgi        499  prot_type=tcp  
[2018/04/25 17:19:59 860] lgi        650  SYS_MSG_UNLOAD  go bg!  
[2018/04/25 17:20:02 893] lgi        654  SYS_MSG_SHUTDOWN  
============================================================
Time  2018/04/25 17:20:05 464 
============================================================
[2018/04/25 17:20:05 464] lgi        641  SYS_MSG_LOAD  
[2018/04/25 17:20:05 466] lgi        663  SYS_MSG_REGCB  msp_status_cb  func(18015f30) 
[2018/04/25 17:20:05 466] lgi        292  LGI_MSG_INIT  
[2018/04/25 17:20:05 466] lgi        299  lgi  lgi_  268436457  1504340430  
[2018/04/25 17:20:05 466] lgi        332  lgi params:  appid = 5aaa223d,engine_start = ivw,ivw_res_path =fo|res/ivw/wakeupresource.jet, work_dir = .  
[2018/04/25 17:20:05 467] lgi        346  auth_time_str=  2018/04/25 17:20:05  
[2018/04/25 17:20:05 467] lgi        352  auth_appid=  5aaa223d  
[2018/04/25 17:20:05 467] lgi        363  token:  nil  
[2018/04/25 17:20:05 467] lgi        433  msc cver : 5.0.34.1166  
[2018/04/25 17:20:05 467] lgi        476  ns_enable=  1  
[2018/04/25 17:20:05 467] lgi        488  prot_ver=1  
[2018/04/25 17:20:05 467] lgi        499  prot_type=tcp  
[2018/04/25 17:20:05 470] lgi        650  SYS_MSG_UNLOAD  go bg!  
[2018/04/25 17:20:09 035] lgi        654  SYS_MSG_SHUTDOWN  
============================================================
Time  2018/04/25 17:21:44 843 
============================================================
[2018/04/25 17:21:44 843] lgi        641  SYS_MSG_LOAD  
[2018/04/25 17:21:44 845] lgi        663  SYS_MSG_REGCB  msp_status_cb  func(7c015f30) 
[2018/04/25 17:21:44 845] lgi        292  LGI_MSG_INIT  
[2018/04/25 17:21:44 845] lgi        299  lgi  lgi_  268436457  1504340430  
[2018/04/25 17:21:44 845] lgi        332  lgi params:  appid = 5aaa223d,engine_start = ivw,ivw_res_path =fo|res/ivw/wakeupresource.jet, work_dir = .  
[2018/04/25 17:21:44 845] lgi        346  auth_time_str=  2018/04/25 17:21:44  
[2018/04/25 17:21:44 845] lgi        352  auth_appid=  5aaa223d  
[2018/04/25 17:21:44 846] lgi        363  token:  nil  
[2018/04/25 17:21:44 846] lgi        433  msc cver : 5.0.34.1166  
[2018/04/25 17:21:44 846] lgi        476  ns_enable=  1  
[2018/04/25 17:21:44 846] lgi        488  prot_ver=1  
[2018/04/25 17:21:44 846] lgi        499  prot_type=tcp  
[2018/04/25 17:21:44 848] lgi        650  SYS_MSG_UNLOAD  go bg!  
[2018/04/25 17:21:49 561] lgi        654  SYS_MSG_SHUTDOWN  
============================================================
Time  2018/04/25 17:23:52 577 
============================================================
[2018/04/25 17:23:52 577] lgi        641  SYS_MSG_LOAD  
[2018/04/25 17:23:52 579] lgi        663  SYS_MSG_REGCB  msp_status_cb  func(bc015f20) 
[2018/04/25 17:23:52 579] lgi        292  LGI_MSG_INIT  
[2018/04/25 17:23:52 579] lgi        299  lgi  lgi_  268436457  1504340430  
[2018/04/25 17:23:52 579] lgi        332  lgi params:  appid = 5aaa223d,engine_start = ivw,ivw_res_path =fo|res/ivw/wakeupresource.jet, work_dir = .  
[2018/04/25 17:23:52 579] lgi        346  auth_time_str=  2018/04/25 17:23:52  
[2018/04/25 17:23:52 580] lgi        352  auth_appid=  5aaa223d  
[2018/04/25 17:23:52 580] lgi        363  token:  nil  
[2018/04/25 17:23:52 580] lgi        433  msc cver : 5.0.34.1166  
[2018/04/25 17:23:52 580] lgi        476  ns_enable=  1  
[2018/04/25 17:23:52 580] lgi        488  prot_ver=1  
[2018/04/25 17:23:52 580] lgi        499  prot_type=tcp  
[2018/04/25 17:23:52 582] lgi        650  SYS_MSG_UNLOAD  go bg!  
============================================================
Time  2018/04/25 17:25:32 326 
============================================================
[2018/04/25 17:25:32 326] lgi        641  SYS_MSG_LOAD  
[2018/04/25 17:25:32 328] lgi        663  SYS_MSG_REGCB  msp_status_cb  func(4c015f00) 
[2018/04/25 17:25:32 328] lgi        292  LGI_MSG_INIT  
[2018/04/25 17:25:32 328] lgi        299  lgi  lgi_  268436457  1504340430  
[2018/04/25 17:25:32 328] lgi        332  lgi params:  appid = 5aaa223d,engine_start = ivw,ivw_res_path =fo|res/ivw/wakeupresource.jet, work_dir = .  
[2018/04/25 17:25:32 328] lgi        346  auth_time_str=  2018/04/25 17:25:32  
[2018/04/25 17:25:32 329] lgi        352  auth_appid=  5aaa223d  
[2018/04/25 17:25:32 329] lgi        363  token:  nil  
[2018/04/25 17:25:32 329] lgi        433  msc cver : 5.0.34.1166  
[2018/04/25 17:25:32 329] lgi        476  ns_enable=  1  
[2018/04/25 17:25:32 329] lgi        488  prot_ver=1  
[2018/04/25 17:25:32 329] lgi        499  prot_type=tcp  
[2018/04/25 17:25:32 331] lgi        650  SYS_MSG_UNLOAD  go bg!  
