Determining if the pthread_create exist failed with the following output:
Change Dir: /root/catkin_ws/src/hello_rospy/build/CMakeFiles/CMakeTmp

Run Build Command:"/usr/bin/make" "cmTC_01c7d/fast"
/usr/bin/make -f CMakeFiles/cmTC_01c7d.dir/build.make CMakeFiles/cmTC_01c7d.dir/build
make[1]: Entering directory '/root/catkin_ws/src/hello_rospy/build/CMakeFiles/CMakeTmp'
Building C object CMakeFiles/cmTC_01c7d.dir/CheckSymbolExists.c.o
/usr/bin/cc     -o CMakeFiles/cmTC_01c7d.dir/CheckSymbolExists.c.o   -c /root/catkin_ws/src/hello_rospy/build/CMakeFiles/CMakeTmp/CheckSymbolExists.c
Linking C executable cmTC_01c7d
/usr/bin/cmake -E cmake_link_script CMakeFiles/cmTC_01c7d.dir/link.txt --verbose=1
/usr/bin/cc       CMakeFiles/cmTC_01c7d.dir/CheckSymbolExists.c.o  -o cmTC_01c7d -rdynamic 
CMakeFiles/cmTC_01c7d.dir/CheckSymbolExists.c.o：在函数‘main’中：
CheckSymbolExists.c:(.text+0x16)：对‘pthread_create’未定义的引用
collect2: error: ld returned 1 exit status
CMakeFiles/cmTC_01c7d.dir/build.make:97: recipe for target 'cmTC_01c7d' failed
make[1]: *** [cmTC_01c7d] Error 1
make[1]: Leaving directory '/root/catkin_ws/src/hello_rospy/build/CMakeFiles/CMakeTmp'
Makefile:126: recipe for target 'cmTC_01c7d/fast' failed
make: *** [cmTC_01c7d/fast] Error 2

File /root/catkin_ws/src/hello_rospy/build/CMakeFiles/CMakeTmp/CheckSymbolExists.c:
/* */
#include <pthread.h>

int main(int argc, char** argv)
{
  (void)argv;
#ifndef pthread_create
  return ((int*)(&pthread_create))[argc];
#else
  (void)argc;
  return 0;
#endif
}

Determining if the function pthread_create exists in the pthreads failed with the following output:
Change Dir: /root/catkin_ws/src/hello_rospy/build/CMakeFiles/CMakeTmp

Run Build Command:"/usr/bin/make" "cmTC_fdf60/fast"
/usr/bin/make -f CMakeFiles/cmTC_fdf60.dir/build.make CMakeFiles/cmTC_fdf60.dir/build
make[1]: Entering directory '/root/catkin_ws/src/hello_rospy/build/CMakeFiles/CMakeTmp'
Building C object CMakeFiles/cmTC_fdf60.dir/CheckFunctionExists.c.o
/usr/bin/cc    -DCHECK_FUNCTION_EXISTS=pthread_create   -o CMakeFiles/cmTC_fdf60.dir/CheckFunctionExists.c.o   -c /usr/share/cmake-3.5/Modules/CheckFunctionExists.c
Linking C executable cmTC_fdf60
/usr/bin/cmake -E cmake_link_script CMakeFiles/cmTC_fdf60.dir/link.txt --verbose=1
/usr/bin/cc   -DCHECK_FUNCTION_EXISTS=pthread_create    CMakeFiles/cmTC_fdf60.dir/CheckFunctionExists.c.o  -o cmTC_fdf60 -rdynamic -lpthreads 
/usr/bin/ld: 找不到 -lpthreads
collect2: error: ld returned 1 exit status
CMakeFiles/cmTC_fdf60.dir/build.make:97: recipe for target 'cmTC_fdf60' failed
make[1]: *** [cmTC_fdf60] Error 1
make[1]: Leaving directory '/root/catkin_ws/src/hello_rospy/build/CMakeFiles/CMakeTmp'
Makefile:126: recipe for target 'cmTC_fdf60/fast' failed
make: *** [cmTC_fdf60/fast] Error 2


